[error] Failed to fetch Firebase Project from Studio Workspace because WORKSPACE_SLUG environment variable is empty
[error] Failed to fetch Firebase Project from Studio Workspace because WORKSPACE_SLUG environment variable is empty
[debug] [2025-10-02T09:12:01.336Z] Checked if tokens are valid: false, expires at: 1759155566389
[debug] [2025-10-02T09:12:01.336Z] Checked if tokens are valid: false, expires at: 1759155566389
[debug] [2025-10-02T09:12:01.336Z] > refreshing access token with scopes: []
[debug] [2025-10-02T09:12:01.339Z] >>> [apiv2][query] POST https://www.googleapis.com/oauth2/v3/token [none]
[debug] [2025-10-02T09:12:01.339Z] >>> [apiv2][body] POST https://www.googleapis.com/oauth2/v3/token [omitted]
[debug] [2025-10-02T09:12:01.371Z] Checked if tokens are valid: false, expires at: 1759155566389
[debug] [2025-10-02T09:12:01.371Z] Checked if tokens are valid: false, expires at: 1759155566389
[debug] [2025-10-02T09:12:01.372Z] > refreshing access token with scopes: []
[debug] [2025-10-02T09:12:01.372Z] >>> [apiv2][query] POST https://www.googleapis.com/oauth2/v3/token [none]
[debug] [2025-10-02T09:12:01.372Z] >>> [apiv2][body] POST https://www.googleapis.com/oauth2/v3/token [omitted]
[debug] [2025-10-02T09:12:01.375Z] Checked if tokens are valid: false, expires at: 1759155566389
[debug] [2025-10-02T09:12:01.375Z] Checked if tokens are valid: false, expires at: 1759155566389
[debug] [2025-10-02T09:12:01.375Z] > refreshing access token with scopes: []
[debug] [2025-10-02T09:12:01.376Z] >>> [apiv2][query] POST https://www.googleapis.com/oauth2/v3/token [none]
[debug] [2025-10-02T09:12:01.376Z] >>> [apiv2][body] POST https://www.googleapis.com/oauth2/v3/token [omitted]
[debug] [2025-10-02T09:12:01.377Z] Checked if tokens are valid: false, expires at: 1759155566389
[debug] [2025-10-02T09:12:01.377Z] Checked if tokens are valid: false, expires at: 1759155566389
[debug] [2025-10-02T09:12:01.378Z] > refreshing access token with scopes: []
[debug] [2025-10-02T09:12:01.378Z] >>> [apiv2][query] POST https://www.googleapis.com/oauth2/v3/token [none]
[debug] [2025-10-02T09:12:01.378Z] >>> [apiv2][body] POST https://www.googleapis.com/oauth2/v3/token [omitted]
[debug] [2025-10-02T09:12:01.379Z] Checked if tokens are valid: false, expires at: 1759155566389
[debug] [2025-10-02T09:12:01.379Z] Checked if tokens are valid: false, expires at: 1759155566389
[debug] [2025-10-02T09:12:01.379Z] > refreshing access token with scopes: []
[debug] [2025-10-02T09:12:01.380Z] >>> [apiv2][query] POST https://www.googleapis.com/oauth2/v3/token [none]
[debug] [2025-10-02T09:12:01.380Z] >>> [apiv2][body] POST https://www.googleapis.com/oauth2/v3/token [omitted]
[debug] [2025-10-02T09:12:01.381Z] Checked if tokens are valid: false, expires at: 1759155566389
[debug] [2025-10-02T09:12:01.381Z] Checked if tokens are valid: false, expires at: 1759155566389
[debug] [2025-10-02T09:12:01.381Z] > refreshing access token with scopes: []
[debug] [2025-10-02T09:12:01.382Z] >>> [apiv2][query] POST https://www.googleapis.com/oauth2/v3/token [none]
[debug] [2025-10-02T09:12:01.382Z] >>> [apiv2][body] POST https://www.googleapis.com/oauth2/v3/token [omitted]
[debug] [2025-10-02T09:12:01.383Z] Checked if tokens are valid: false, expires at: 1759155566389
[debug] [2025-10-02T09:12:01.383Z] Checked if tokens are valid: false, expires at: 1759155566389
[debug] [2025-10-02T09:12:01.383Z] > refreshing access token with scopes: []
[debug] [2025-10-02T09:12:01.383Z] >>> [apiv2][query] POST https://www.googleapis.com/oauth2/v3/token [none]
[debug] [2025-10-02T09:12:01.383Z] >>> [apiv2][body] POST https://www.googleapis.com/oauth2/v3/token [omitted]
[debug] [2025-10-02T09:12:01.385Z] Checked if tokens are valid: false, expires at: 1759155566389
[debug] [2025-10-02T09:12:01.385Z] Checked if tokens are valid: false, expires at: 1759155566389
[debug] [2025-10-02T09:12:01.385Z] > refreshing access token with scopes: []
[debug] [2025-10-02T09:12:01.385Z] >>> [apiv2][query] POST https://www.googleapis.com/oauth2/v3/token [none]
[debug] [2025-10-02T09:12:01.385Z] >>> [apiv2][body] POST https://www.googleapis.com/oauth2/v3/token [omitted]
[debug] [2025-10-02T09:12:01.387Z] Checked if tokens are valid: false, expires at: 1759155566389
[debug] [2025-10-02T09:12:01.387Z] Checked if tokens are valid: false, expires at: 1759155566389
[debug] [2025-10-02T09:12:01.387Z] > refreshing access token with scopes: []
[debug] [2025-10-02T09:12:01.387Z] >>> [apiv2][query] POST https://www.googleapis.com/oauth2/v3/token [none]
[debug] [2025-10-02T09:12:01.387Z] >>> [apiv2][body] POST https://www.googleapis.com/oauth2/v3/token [omitted]
[debug] [2025-10-02T09:12:01.390Z] Checked if tokens are valid: false, expires at: 1759155566389
[debug] [2025-10-02T09:12:01.390Z] Checked if tokens are valid: false, expires at: 1759155566389
[debug] [2025-10-02T09:12:01.390Z] > refreshing access token with scopes: []
[debug] [2025-10-02T09:12:01.391Z] >>> [apiv2][query] POST https://www.googleapis.com/oauth2/v3/token [none]
[debug] [2025-10-02T09:12:01.391Z] >>> [apiv2][body] POST https://www.googleapis.com/oauth2/v3/token [omitted]
[error] Failed to fetch Firebase Project from Studio Workspace because WORKSPACE_SLUG environment variable is empty
[error] Failed to fetch Firebase Project from Studio Workspace because WORKSPACE_SLUG environment variable is empty
[debug] [2025-10-02T09:12:01.471Z] Checked if tokens are valid: false, expires at: 1759155566389
[debug] [2025-10-02T09:12:01.471Z] Checked if tokens are valid: false, expires at: 1759155566389
[debug] [2025-10-02T09:12:01.471Z] > refreshing access token with scopes: []
[debug] [2025-10-02T09:12:01.472Z] >>> [apiv2][query] POST https://www.googleapis.com/oauth2/v3/token [none]
[debug] [2025-10-02T09:12:01.472Z] >>> [apiv2][body] POST https://www.googleapis.com/oauth2/v3/token [omitted]
[debug] [2025-10-02T09:12:01.474Z] Checked if tokens are valid: false, expires at: 1759155566389
[debug] [2025-10-02T09:12:01.474Z] Checked if tokens are valid: false, expires at: 1759155566389
[debug] [2025-10-02T09:12:01.474Z] > refreshing access token with scopes: []
[debug] [2025-10-02T09:12:01.474Z] >>> [apiv2][query] POST https://www.googleapis.com/oauth2/v3/token [none]
[debug] [2025-10-02T09:12:01.474Z] >>> [apiv2][body] POST https://www.googleapis.com/oauth2/v3/token [omitted]
[debug] [2025-10-02T09:12:01.476Z] Checked if tokens are valid: false, expires at: 1759155566389
[debug] [2025-10-02T09:12:01.476Z] Checked if tokens are valid: false, expires at: 1759155566389
[debug] [2025-10-02T09:12:01.476Z] > refreshing access token with scopes: []
[debug] [2025-10-02T09:12:01.477Z] >>> [apiv2][query] POST https://www.googleapis.com/oauth2/v3/token [none]
[debug] [2025-10-02T09:12:01.477Z] >>> [apiv2][body] POST https://www.googleapis.com/oauth2/v3/token [omitted]
[debug] [2025-10-02T09:12:01.478Z] Checked if tokens are valid: false, expires at: 1759155566389
[debug] [2025-10-02T09:12:01.478Z] Checked if tokens are valid: false, expires at: 1759155566389
[debug] [2025-10-02T09:12:01.478Z] > refreshing access token with scopes: []
[debug] [2025-10-02T09:12:01.479Z] >>> [apiv2][query] POST https://www.googleapis.com/oauth2/v3/token [none]
[debug] [2025-10-02T09:12:01.479Z] >>> [apiv2][body] POST https://www.googleapis.com/oauth2/v3/token [omitted]
[debug] [2025-10-02T09:12:01.480Z] Checked if tokens are valid: false, expires at: 1759155566389
[debug] [2025-10-02T09:12:01.481Z] Checked if tokens are valid: false, expires at: 1759155566389
[debug] [2025-10-02T09:12:01.481Z] > refreshing access token with scopes: []
[debug] [2025-10-02T09:12:01.481Z] >>> [apiv2][query] POST https://www.googleapis.com/oauth2/v3/token [none]
[debug] [2025-10-02T09:12:01.481Z] >>> [apiv2][body] POST https://www.googleapis.com/oauth2/v3/token [omitted]
[debug] [2025-10-02T09:12:01.482Z] Checked if tokens are valid: false, expires at: 1759155566389
[debug] [2025-10-02T09:12:01.483Z] Checked if tokens are valid: false, expires at: 1759155566389
[debug] [2025-10-02T09:12:01.483Z] > refreshing access token with scopes: []
[debug] [2025-10-02T09:12:01.483Z] >>> [apiv2][query] POST https://www.googleapis.com/oauth2/v3/token [none]
[debug] [2025-10-02T09:12:01.483Z] >>> [apiv2][body] POST https://www.googleapis.com/oauth2/v3/token [omitted]
[debug] [2025-10-02T09:12:01.485Z] Checked if tokens are valid: false, expires at: 1759155566389
[debug] [2025-10-02T09:12:01.485Z] Checked if tokens are valid: false, expires at: 1759155566389
[debug] [2025-10-02T09:12:01.485Z] > refreshing access token with scopes: []
[debug] [2025-10-02T09:12:01.485Z] >>> [apiv2][query] POST https://www.googleapis.com/oauth2/v3/token [none]
[debug] [2025-10-02T09:12:01.485Z] >>> [apiv2][body] POST https://www.googleapis.com/oauth2/v3/token [omitted]
[debug] [2025-10-02T09:12:01.487Z] Checked if tokens are valid: false, expires at: 1759155566389
[debug] [2025-10-02T09:12:01.487Z] Checked if tokens are valid: false, expires at: 1759155566389
[debug] [2025-10-02T09:12:01.487Z] > refreshing access token with scopes: []
[debug] [2025-10-02T09:12:01.488Z] >>> [apiv2][query] POST https://www.googleapis.com/oauth2/v3/token [none]
[debug] [2025-10-02T09:12:01.488Z] >>> [apiv2][body] POST https://www.googleapis.com/oauth2/v3/token [omitted]
[debug] [2025-10-02T09:12:01.489Z] Checked if tokens are valid: false, expires at: 1759155566389
[debug] [2025-10-02T09:12:01.489Z] Checked if tokens are valid: false, expires at: 1759155566389
[debug] [2025-10-02T09:12:01.489Z] > refreshing access token with scopes: []
[debug] [2025-10-02T09:12:01.489Z] >>> [apiv2][query] POST https://www.googleapis.com/oauth2/v3/token [none]
[debug] [2025-10-02T09:12:01.489Z] >>> [apiv2][body] POST https://www.googleapis.com/oauth2/v3/token [omitted]
[debug] [2025-10-02T09:12:01.491Z] Checked if tokens are valid: false, expires at: 1759155566389
[debug] [2025-10-02T09:12:01.491Z] Checked if tokens are valid: false, expires at: 1759155566389
[debug] [2025-10-02T09:12:01.491Z] > refreshing access token with scopes: []
[debug] [2025-10-02T09:12:01.491Z] >>> [apiv2][query] POST https://www.googleapis.com/oauth2/v3/token [none]
[debug] [2025-10-02T09:12:01.491Z] >>> [apiv2][body] POST https://www.googleapis.com/oauth2/v3/token [omitted]
[debug] [2025-10-02T09:12:01.555Z] <<< [apiv2][status] POST https://www.googleapis.com/oauth2/v3/token 200
[debug] [2025-10-02T09:12:01.555Z] <<< [apiv2][body] POST https://www.googleapis.com/oauth2/v3/token [omitted]
[debug] [2025-10-02T09:12:01.582Z] >>> [apiv2][query] GET https://serviceusage.googleapis.com/v1/projects/direct-hope-473110-r0/services/identitytoolkit.googleapis.com [none]
[debug] [2025-10-02T09:12:01.582Z] >>> [apiv2][(partial)header] GET https://serviceusage.googleapis.com/v1/projects/direct-hope-473110-r0/services/identitytoolkit.googleapis.com x-goog-quota-user=projects/direct-hope-473110-r0
[debug] [2025-10-02T09:12:01.611Z] <<< [apiv2][status] POST https://www.googleapis.com/oauth2/v3/token 200
[debug] [2025-10-02T09:12:01.611Z] <<< [apiv2][body] POST https://www.googleapis.com/oauth2/v3/token [omitted]
[debug] [2025-10-02T09:12:01.633Z] >>> [apiv2][query] GET https://serviceusage.googleapis.com/v1/projects/direct-hope-473110-r0/services/firebaseio.com [none]
[debug] [2025-10-02T09:12:01.633Z] >>> [apiv2][(partial)header] GET https://serviceusage.googleapis.com/v1/projects/direct-hope-473110-r0/services/firebaseio.com x-goog-quota-user=projects/direct-hope-473110-r0
[debug] [2025-10-02T09:12:01.640Z] <<< [apiv2][status] POST https://www.googleapis.com/oauth2/v3/token 200
[debug] [2025-10-02T09:12:01.640Z] <<< [apiv2][body] POST https://www.googleapis.com/oauth2/v3/token [omitted]
[debug] [2025-10-02T09:12:01.652Z] >>> [apiv2][query] GET https://serviceusage.googleapis.com/v1/projects/direct-hope-473110-r0/services/fcm.googleapis.com [none]
[debug] [2025-10-02T09:12:01.652Z] >>> [apiv2][(partial)header] GET https://serviceusage.googleapis.com/v1/projects/direct-hope-473110-r0/services/fcm.googleapis.com x-goog-quota-user=projects/direct-hope-473110-r0
[debug] [2025-10-02T09:12:01.671Z] <<< [apiv2][status] POST https://www.googleapis.com/oauth2/v3/token 200
[debug] [2025-10-02T09:12:01.671Z] <<< [apiv2][body] POST https://www.googleapis.com/oauth2/v3/token [omitted]
[debug] [2025-10-02T09:12:01.689Z] >>> [apiv2][query] GET https://serviceusage.googleapis.com/v1/projects/direct-hope-473110-r0/services/firebaseio.com [none]
[debug] [2025-10-02T09:12:01.689Z] >>> [apiv2][(partial)header] GET https://serviceusage.googleapis.com/v1/projects/direct-hope-473110-r0/services/firebaseio.com x-goog-quota-user=projects/direct-hope-473110-r0
[debug] [2025-10-02T09:12:01.698Z] <<< [apiv2][status] POST https://www.googleapis.com/oauth2/v3/token 200
[debug] [2025-10-02T09:12:01.698Z] <<< [apiv2][body] POST https://www.googleapis.com/oauth2/v3/token [omitted]
[debug] [2025-10-02T09:12:01.708Z] >>> [apiv2][query] GET https://serviceusage.googleapis.com/v1/projects/direct-hope-473110-r0/services/firebasecrashlytics.googleapis.com [none]
[debug] [2025-10-02T09:12:01.708Z] >>> [apiv2][(partial)header] GET https://serviceusage.googleapis.com/v1/projects/direct-hope-473110-r0/services/firebasecrashlytics.googleapis.com x-goog-quota-user=projects/direct-hope-473110-r0
[debug] [2025-10-02T09:12:01.724Z] <<< [apiv2][status] POST https://www.googleapis.com/oauth2/v3/token 200
[debug] [2025-10-02T09:12:01.724Z] <<< [apiv2][body] POST https://www.googleapis.com/oauth2/v3/token [omitted]
[debug] [2025-10-02T09:12:01.740Z] >>> [apiv2][query] GET https://serviceusage.googleapis.com/v1/projects/direct-hope-473110-r0/services/firebaseapphosting.googleapis.com [none]
[debug] [2025-10-02T09:12:01.740Z] >>> [apiv2][(partial)header] GET https://serviceusage.googleapis.com/v1/projects/direct-hope-473110-r0/services/firebaseapphosting.googleapis.com x-goog-quota-user=projects/direct-hope-473110-r0
[debug] [2025-10-02T09:12:01.746Z] <<< [apiv2][status] POST https://www.googleapis.com/oauth2/v3/token 200
[debug] [2025-10-02T09:12:01.746Z] <<< [apiv2][body] POST https://www.googleapis.com/oauth2/v3/token [omitted]
[debug] [2025-10-02T09:12:01.758Z] >>> [apiv2][query] GET https://serviceusage.googleapis.com/v1/projects/direct-hope-473110-r0/services/firebasedataconnect.googleapis.com [none]
[debug] [2025-10-02T09:12:01.758Z] >>> [apiv2][(partial)header] GET https://serviceusage.googleapis.com/v1/projects/direct-hope-473110-r0/services/firebasedataconnect.googleapis.com x-goog-quota-user=projects/direct-hope-473110-r0
[debug] [2025-10-02T09:12:01.760Z] <<< [apiv2][status] POST https://www.googleapis.com/oauth2/v3/token 200
[debug] [2025-10-02T09:12:01.760Z] <<< [apiv2][body] POST https://www.googleapis.com/oauth2/v3/token [omitted]
[debug] [2025-10-02T09:12:01.771Z] >>> [apiv2][query] GET https://serviceusage.googleapis.com/v1/projects/direct-hope-473110-r0/services/fcm.googleapis.com [none]
[debug] [2025-10-02T09:12:01.771Z] >>> [apiv2][(partial)header] GET https://serviceusage.googleapis.com/v1/projects/direct-hope-473110-r0/services/fcm.googleapis.com x-goog-quota-user=projects/direct-hope-473110-r0
[debug] [2025-10-02T09:12:01.773Z] <<< [apiv2][status] POST https://www.googleapis.com/oauth2/v3/token 200
[debug] [2025-10-02T09:12:01.773Z] <<< [apiv2][body] POST https://www.googleapis.com/oauth2/v3/token [omitted]
[debug] [2025-10-02T09:12:01.782Z] >>> [apiv2][query] GET https://serviceusage.googleapis.com/v1/projects/direct-hope-473110-r0/services/firestore.googleapis.com [none]
[debug] [2025-10-02T09:12:01.782Z] >>> [apiv2][(partial)header] GET https://serviceusage.googleapis.com/v1/projects/direct-hope-473110-r0/services/firestore.googleapis.com x-goog-quota-user=projects/direct-hope-473110-r0
[debug] [2025-10-02T09:12:01.793Z] <<< [apiv2][status] POST https://www.googleapis.com/oauth2/v3/token 200
[debug] [2025-10-02T09:12:01.794Z] <<< [apiv2][body] POST https://www.googleapis.com/oauth2/v3/token [omitted]
[debug] [2025-10-02T09:12:01.808Z] >>> [apiv2][query] GET https://serviceusage.googleapis.com/v1/projects/direct-hope-473110-r0/services/firebaseremoteconfig.googleapis.com [none]
[debug] [2025-10-02T09:12:01.808Z] >>> [apiv2][(partial)header] GET https://serviceusage.googleapis.com/v1/projects/direct-hope-473110-r0/services/firebaseremoteconfig.googleapis.com x-goog-quota-user=projects/direct-hope-473110-r0
[debug] [2025-10-02T09:12:01.810Z] <<< [apiv2][status] POST https://www.googleapis.com/oauth2/v3/token 200
[debug] [2025-10-02T09:12:01.810Z] <<< [apiv2][body] POST https://www.googleapis.com/oauth2/v3/token [omitted]
[debug] [2025-10-02T09:12:01.821Z] >>> [apiv2][query] GET https://serviceusage.googleapis.com/v1/projects/direct-hope-473110-r0/services/ [none]
[debug] [2025-10-02T09:12:01.821Z] >>> [apiv2][(partial)header] GET https://serviceusage.googleapis.com/v1/projects/direct-hope-473110-r0/services/ x-goog-quota-user=projects/direct-hope-473110-r0
[debug] [2025-10-02T09:12:01.823Z] <<< [apiv2][status] POST https://www.googleapis.com/oauth2/v3/token 200
[debug] [2025-10-02T09:12:01.823Z] <<< [apiv2][body] POST https://www.googleapis.com/oauth2/v3/token [omitted]
[debug] [2025-10-02T09:12:01.835Z] >>> [apiv2][query] GET https://serviceusage.googleapis.com/v1/projects/direct-hope-473110-r0/services/storage.googleapis.com [none]
[debug] [2025-10-02T09:12:01.835Z] >>> [apiv2][(partial)header] GET https://serviceusage.googleapis.com/v1/projects/direct-hope-473110-r0/services/storage.googleapis.com x-goog-quota-user=projects/direct-hope-473110-r0
[debug] [2025-10-02T09:12:01.837Z] <<< [apiv2][status] POST https://www.googleapis.com/oauth2/v3/token 200
[debug] [2025-10-02T09:12:01.837Z] <<< [apiv2][body] POST https://www.googleapis.com/oauth2/v3/token [omitted]
[debug] [2025-10-02T09:12:01.848Z] >>> [apiv2][query] GET https://serviceusage.googleapis.com/v1/projects/direct-hope-473110-r0/services/firebaseremoteconfig.googleapis.com [none]
[debug] [2025-10-02T09:12:01.848Z] >>> [apiv2][(partial)header] GET https://serviceusage.googleapis.com/v1/projects/direct-hope-473110-r0/services/firebaseremoteconfig.googleapis.com x-goog-quota-user=projects/direct-hope-473110-r0
[debug] [2025-10-02T09:12:01.854Z] <<< [apiv2][status] POST https://www.googleapis.com/oauth2/v3/token 200
[debug] [2025-10-02T09:12:01.855Z] <<< [apiv2][body] POST https://www.googleapis.com/oauth2/v3/token [omitted]
[debug] [2025-10-02T09:12:01.867Z] >>> [apiv2][query] GET https://serviceusage.googleapis.com/v1/projects/direct-hope-473110-r0/services/ [none]
[debug] [2025-10-02T09:12:01.867Z] >>> [apiv2][(partial)header] GET https://serviceusage.googleapis.com/v1/projects/direct-hope-473110-r0/services/ x-goog-quota-user=projects/direct-hope-473110-r0
[debug] [2025-10-02T09:12:01.869Z] <<< [apiv2][status] POST https://www.googleapis.com/oauth2/v3/token 200
[debug] [2025-10-02T09:12:01.869Z] <<< [apiv2][body] POST https://www.googleapis.com/oauth2/v3/token [omitted]
[debug] [2025-10-02T09:12:01.878Z] >>> [apiv2][query] GET https://serviceusage.googleapis.com/v1/projects/direct-hope-473110-r0/services/firebaseapphosting.googleapis.com [none]
[debug] [2025-10-02T09:12:01.878Z] >>> [apiv2][(partial)header] GET https://serviceusage.googleapis.com/v1/projects/direct-hope-473110-r0/services/firebaseapphosting.googleapis.com x-goog-quota-user=projects/direct-hope-473110-r0
[debug] [2025-10-02T09:12:01.907Z] <<< [apiv2][status] POST https://www.googleapis.com/oauth2/v3/token 200
[debug] [2025-10-02T09:12:01.908Z] <<< [apiv2][body] POST https://www.googleapis.com/oauth2/v3/token [omitted]
[debug] [2025-10-02T09:12:01.923Z] >>> [apiv2][query] GET https://serviceusage.googleapis.com/v1/projects/direct-hope-473110-r0/services/storage.googleapis.com [none]
[debug] [2025-10-02T09:12:01.924Z] >>> [apiv2][(partial)header] GET https://serviceusage.googleapis.com/v1/projects/direct-hope-473110-r0/services/storage.googleapis.com x-goog-quota-user=projects/direct-hope-473110-r0
[debug] [2025-10-02T09:12:01.970Z] <<< [apiv2][status] POST https://www.googleapis.com/oauth2/v3/token 200
[debug] [2025-10-02T09:12:01.972Z] <<< [apiv2][body] POST https://www.googleapis.com/oauth2/v3/token [omitted]
[debug] [2025-10-02T09:12:01.985Z] >>> [apiv2][query] GET https://serviceusage.googleapis.com/v1/projects/direct-hope-473110-r0/services/firestore.googleapis.com [none]
[debug] [2025-10-02T09:12:01.986Z] >>> [apiv2][(partial)header] GET https://serviceusage.googleapis.com/v1/projects/direct-hope-473110-r0/services/firestore.googleapis.com x-goog-quota-user=projects/direct-hope-473110-r0
[debug] [2025-10-02T09:12:01.988Z] <<< [apiv2][status] POST https://www.googleapis.com/oauth2/v3/token 200
[debug] [2025-10-02T09:12:01.989Z] <<< [apiv2][body] POST https://www.googleapis.com/oauth2/v3/token [omitted]
[debug] [2025-10-02T09:12:02.000Z] >>> [apiv2][query] GET https://serviceusage.googleapis.com/v1/projects/direct-hope-473110-r0/services/firebasecrashlytics.googleapis.com [none]
[debug] [2025-10-02T09:12:02.000Z] >>> [apiv2][(partial)header] GET https://serviceusage.googleapis.com/v1/projects/direct-hope-473110-r0/services/firebasecrashlytics.googleapis.com x-goog-quota-user=projects/direct-hope-473110-r0
[debug] [2025-10-02T09:12:02.002Z] <<< [apiv2][status] POST https://www.googleapis.com/oauth2/v3/token 200
[debug] [2025-10-02T09:12:02.002Z] <<< [apiv2][body] POST https://www.googleapis.com/oauth2/v3/token [omitted]
[debug] [2025-10-02T09:12:02.014Z] >>> [apiv2][query] GET https://serviceusage.googleapis.com/v1/projects/direct-hope-473110-r0/services/identitytoolkit.googleapis.com [none]
[debug] [2025-10-02T09:12:02.014Z] >>> [apiv2][(partial)header] GET https://serviceusage.googleapis.com/v1/projects/direct-hope-473110-r0/services/identitytoolkit.googleapis.com x-goog-quota-user=projects/direct-hope-473110-r0
[debug] [2025-10-02T09:12:02.025Z] <<< [apiv2][status] POST https://www.googleapis.com/oauth2/v3/token 200
[debug] [2025-10-02T09:12:02.025Z] <<< [apiv2][body] POST https://www.googleapis.com/oauth2/v3/token [omitted]
[debug] [2025-10-02T09:12:02.042Z] >>> [apiv2][query] GET https://serviceusage.googleapis.com/v1/projects/direct-hope-473110-r0/services/firebasedataconnect.googleapis.com [none]
[debug] [2025-10-02T09:12:02.042Z] >>> [apiv2][(partial)header] GET https://serviceusage.googleapis.com/v1/projects/direct-hope-473110-r0/services/firebasedataconnect.googleapis.com x-goog-quota-user=projects/direct-hope-473110-r0
[debug] [2025-10-02T09:12:02.660Z] <<< [apiv2][status] GET https://serviceusage.googleapis.com/v1/projects/direct-hope-473110-r0/services/firebaseio.com 403
[debug] [2025-10-02T09:12:02.661Z] <<< [apiv2][body] GET https://serviceusage.googleapis.com/v1/projects/direct-hope-473110-r0/services/firebaseio.com [omitted]
[debug] [2025-10-02T09:12:02.680Z] <<< [apiv2][status] GET https://serviceusage.googleapis.com/v1/projects/direct-hope-473110-r0/services/identitytoolkit.googleapis.com 200
[debug] [2025-10-02T09:12:02.681Z] <<< [apiv2][body] GET https://serviceusage.googleapis.com/v1/projects/direct-hope-473110-r0/services/identitytoolkit.googleapis.com [omitted]
[debug] [2025-10-02T09:12:02.761Z] <<< [apiv2][status] GET https://serviceusage.googleapis.com/v1/projects/direct-hope-473110-r0/services/firebaseio.com 403
[debug] [2025-10-02T09:12:02.761Z] <<< [apiv2][body] GET https://serviceusage.googleapis.com/v1/projects/direct-hope-473110-r0/services/firebaseio.com [omitted]
[debug] [2025-10-02T09:12:02.781Z] <<< [apiv2][status] GET https://serviceusage.googleapis.com/v1/projects/direct-hope-473110-r0/services/firebasecrashlytics.googleapis.com 200
[debug] [2025-10-02T09:12:02.782Z] <<< [apiv2][body] GET https://serviceusage.googleapis.com/v1/projects/direct-hope-473110-r0/services/firebasecrashlytics.googleapis.com [omitted]
[debug] [2025-10-02T09:12:02.788Z] <<< [apiv2][status] GET https://serviceusage.googleapis.com/v1/projects/direct-hope-473110-r0/services/fcm.googleapis.com 200
[debug] [2025-10-02T09:12:02.789Z] <<< [apiv2][body] GET https://serviceusage.googleapis.com/v1/projects/direct-hope-473110-r0/services/fcm.googleapis.com [omitted]
[debug] [2025-10-02T09:12:02.894Z] <<< [apiv2][status] GET https://serviceusage.googleapis.com/v1/projects/direct-hope-473110-r0/services/firebaseapphosting.googleapis.com 200
[debug] [2025-10-02T09:12:02.897Z] <<< [apiv2][body] GET https://serviceusage.googleapis.com/v1/projects/direct-hope-473110-r0/services/firebaseapphosting.googleapis.com [omitted]
[debug] [2025-10-02T09:12:02.947Z] <<< [apiv2][status] GET https://serviceusage.googleapis.com/v1/projects/direct-hope-473110-r0/services/firebasedataconnect.googleapis.com 200
[debug] [2025-10-02T09:12:02.947Z] <<< [apiv2][body] GET https://serviceusage.googleapis.com/v1/projects/direct-hope-473110-r0/services/firebasedataconnect.googleapis.com [omitted]
[debug] [2025-10-02T09:12:02.953Z] <<< [apiv2][status] GET https://serviceusage.googleapis.com/v1/projects/direct-hope-473110-r0/services/firebaseremoteconfig.googleapis.com 200
[debug] [2025-10-02T09:12:02.953Z] <<< [apiv2][body] GET https://serviceusage.googleapis.com/v1/projects/direct-hope-473110-r0/services/firebaseremoteconfig.googleapis.com [omitted]
[debug] [2025-10-02T09:12:02.973Z] <<< [apiv2][status] GET https://serviceusage.googleapis.com/v1/projects/direct-hope-473110-r0/services/fcm.googleapis.com 200
[debug] [2025-10-02T09:12:02.973Z] <<< [apiv2][body] GET https://serviceusage.googleapis.com/v1/projects/direct-hope-473110-r0/services/fcm.googleapis.com [omitted]
[debug] [2025-10-02T09:12:03.002Z] <<< [apiv2][status] GET https://serviceusage.googleapis.com/v1/projects/direct-hope-473110-r0/services/firestore.googleapis.com 200
[debug] [2025-10-02T09:12:03.009Z] <<< [apiv2][body] GET https://serviceusage.googleapis.com/v1/projects/direct-hope-473110-r0/services/firestore.googleapis.com [omitted]
[debug] [2025-10-02T09:12:03.036Z] <<< [apiv2][status] GET https://serviceusage.googleapis.com/v1/projects/direct-hope-473110-r0/services/firebaseapphosting.googleapis.com 200
[debug] [2025-10-02T09:12:03.037Z] <<< [apiv2][body] GET https://serviceusage.googleapis.com/v1/projects/direct-hope-473110-r0/services/firebaseapphosting.googleapis.com [omitted]
[debug] [2025-10-02T09:12:03.052Z] <<< [apiv2][status] GET https://serviceusage.googleapis.com/v1/projects/direct-hope-473110-r0/services/firebaseremoteconfig.googleapis.com 200
[debug] [2025-10-02T09:12:03.052Z] <<< [apiv2][body] GET https://serviceusage.googleapis.com/v1/projects/direct-hope-473110-r0/services/firebaseremoteconfig.googleapis.com [omitted]
[debug] [2025-10-02T09:12:03.077Z] <<< [apiv2][status] GET https://serviceusage.googleapis.com/v1/projects/direct-hope-473110-r0/services/storage.googleapis.com 200
[debug] [2025-10-02T09:12:03.078Z] <<< [apiv2][body] GET https://serviceusage.googleapis.com/v1/projects/direct-hope-473110-r0/services/storage.googleapis.com [omitted]
[debug] [2025-10-02T09:12:03.121Z] <<< [apiv2][status] GET https://serviceusage.googleapis.com/v1/projects/direct-hope-473110-r0/services/identitytoolkit.googleapis.com 200
[debug] [2025-10-02T09:12:03.121Z] <<< [apiv2][body] GET https://serviceusage.googleapis.com/v1/projects/direct-hope-473110-r0/services/identitytoolkit.googleapis.com [omitted]
[debug] [2025-10-02T09:12:03.144Z] <<< [apiv2][status] GET https://serviceusage.googleapis.com/v1/projects/direct-hope-473110-r0/services/firebasedataconnect.googleapis.com 200
[debug] [2025-10-02T09:12:03.144Z] <<< [apiv2][body] GET https://serviceusage.googleapis.com/v1/projects/direct-hope-473110-r0/services/firebasedataconnect.googleapis.com [omitted]
[debug] [2025-10-02T09:12:03.152Z] <<< [apiv2][status] GET https://serviceusage.googleapis.com/v1/projects/direct-hope-473110-r0/services/firestore.googleapis.com 200
[debug] [2025-10-02T09:12:03.153Z] <<< [apiv2][body] GET https://serviceusage.googleapis.com/v1/projects/direct-hope-473110-r0/services/firestore.googleapis.com [omitted]
[debug] [2025-10-02T09:12:03.173Z] <<< [apiv2][status] GET https://serviceusage.googleapis.com/v1/projects/direct-hope-473110-r0/services/storage.googleapis.com 200
[debug] [2025-10-02T09:12:03.173Z] <<< [apiv2][body] GET https://serviceusage.googleapis.com/v1/projects/direct-hope-473110-r0/services/storage.googleapis.com [omitted]
[debug] [2025-10-02T09:12:03.192Z] <<< [apiv2][status] GET https://serviceusage.googleapis.com/v1/projects/direct-hope-473110-r0/services/firebasecrashlytics.googleapis.com 200
[debug] [2025-10-02T09:12:03.192Z] <<< [apiv2][body] GET https://serviceusage.googleapis.com/v1/projects/direct-hope-473110-r0/services/firebasecrashlytics.googleapis.com [omitted]
[debug] [2025-10-02T09:12:03.567Z] <<< [apiv2][status] GET https://serviceusage.googleapis.com/v1/projects/direct-hope-473110-r0/services/ 200
[debug] [2025-10-02T09:12:03.568Z] <<< [apiv2][body] GET https://serviceusage.googleapis.com/v1/projects/direct-hope-473110-r0/services/ [omitted]
[error] Failed to fetch Firebase Project from Studio Workspace because WORKSPACE_SLUG environment variable is empty
[error] Failed to fetch Firebase Project from Studio Workspace because WORKSPACE_SLUG environment variable is empty
[debug] [2025-10-02T09:12:03.588Z] > command requires scopes: ["email","openid","https://www.googleapis.com/auth/cloudplatformprojects.readonly","https://www.googleapis.com/auth/firebase","https://www.googleapis.com/auth/cloud-platform","https://www.googleapis.com/auth/userinfo.email"]
[debug] [2025-10-02T09:12:03.592Z] > authorizing via signed-in user (flixtreend@gmail.com)
[debug] [2025-10-02T09:12:03.622Z] <<< [apiv2][status] GET https://serviceusage.googleapis.com/v1/projects/direct-hope-473110-r0/services/ 200
[debug] [2025-10-02T09:12:03.622Z] <<< [apiv2][body] GET https://serviceusage.googleapis.com/v1/projects/direct-hope-473110-r0/services/ [omitted]
[error] Failed to fetch Firebase Project from Studio Workspace because WORKSPACE_SLUG environment variable is empty
[error] Failed to fetch Firebase Project from Studio Workspace because WORKSPACE_SLUG environment variable is empty
[debug] [2025-10-02T09:12:03.682Z] > command requires scopes: ["email","openid","https://www.googleapis.com/auth/cloudplatformprojects.readonly","https://www.googleapis.com/auth/firebase","https://www.googleapis.com/auth/cloud-platform","https://www.googleapis.com/auth/userinfo.email"]
[debug] [2025-10-02T09:12:03.682Z] > authorizing via signed-in user (flixtreend@gmail.com)
[error] Failed to fetch Firebase Project from Studio Workspace because WORKSPACE_SLUG environment variable is empty
[error] Failed to fetch Firebase Project from Studio Workspace because WORKSPACE_SLUG environment variable is empty
[debug] [2025-10-02T09:12:03.695Z] > command requires scopes: ["email","openid","https://www.googleapis.com/auth/cloudplatformprojects.readonly","https://www.googleapis.com/auth/firebase","https://www.googleapis.com/auth/cloud-platform","https://www.googleapis.com/auth/userinfo.email"]
[debug] [2025-10-02T09:12:03.696Z] > authorizing via signed-in user (flixtreend@gmail.com)
[error] Failed to fetch Firebase Project from Studio Workspace because WORKSPACE_SLUG environment variable is empty
[error] Failed to fetch Firebase Project from Studio Workspace because WORKSPACE_SLUG environment variable is empty
[debug] [2025-10-02T10:22:39.007Z] Checked if tokens are valid: false, expires at: 1759399921025
[debug] [2025-10-02T10:22:39.008Z] Checked if tokens are valid: false, expires at: 1759399921025
[debug] [2025-10-02T10:22:39.009Z] > refreshing access token with scopes: []
[debug] [2025-10-02T10:22:39.012Z] >>> [apiv2][query] POST https://www.googleapis.com/oauth2/v3/token [none]
[debug] [2025-10-02T10:22:39.013Z] >>> [apiv2][body] POST https://www.googleapis.com/oauth2/v3/token [omitted]
[debug] [2025-10-02T10:22:39.064Z] Checked if tokens are valid: false, expires at: 1759399921025
[debug] [2025-10-02T10:22:39.064Z] Checked if tokens are valid: false, expires at: 1759399921025
[debug] [2025-10-02T10:22:39.064Z] > refreshing access token with scopes: []
[debug] [2025-10-02T10:22:39.065Z] >>> [apiv2][query] POST https://www.googleapis.com/oauth2/v3/token [none]
[debug] [2025-10-02T10:22:39.065Z] >>> [apiv2][body] POST https://www.googleapis.com/oauth2/v3/token [omitted]
[debug] [2025-10-02T10:22:39.068Z] Checked if tokens are valid: false, expires at: 1759399921025
[debug] [2025-10-02T10:22:39.068Z] Checked if tokens are valid: false, expires at: 1759399921025
[debug] [2025-10-02T10:22:39.068Z] > refreshing access token with scopes: []
[debug] [2025-10-02T10:22:39.069Z] >>> [apiv2][query] POST https://www.googleapis.com/oauth2/v3/token [none]
[debug] [2025-10-02T10:22:39.069Z] >>> [apiv2][body] POST https://www.googleapis.com/oauth2/v3/token [omitted]
[debug] [2025-10-02T10:22:39.071Z] Checked if tokens are valid: false, expires at: 1759399921025
[debug] [2025-10-02T10:22:39.071Z] Checked if tokens are valid: false, expires at: 1759399921025
[debug] [2025-10-02T10:22:39.071Z] > refreshing access token with scopes: []
[debug] [2025-10-02T10:22:39.072Z] >>> [apiv2][query] POST https://www.googleapis.com/oauth2/v3/token [none]
[debug] [2025-10-02T10:22:39.072Z] >>> [apiv2][body] POST https://www.googleapis.com/oauth2/v3/token [omitted]
[debug] [2025-10-02T10:22:39.074Z] Checked if tokens are valid: false, expires at: 1759399921025
[debug] [2025-10-02T10:22:39.074Z] Checked if tokens are valid: false, expires at: 1759399921025
[debug] [2025-10-02T10:22:39.074Z] > refreshing access token with scopes: []
[debug] [2025-10-02T10:22:39.075Z] >>> [apiv2][query] POST https://www.googleapis.com/oauth2/v3/token [none]
[debug] [2025-10-02T10:22:39.075Z] >>> [apiv2][body] POST https://www.googleapis.com/oauth2/v3/token [omitted]
[error] Failed to fetch Firebase Project from Studio Workspace because WORKSPACE_SLUG environment variable is empty
[error] Failed to fetch Firebase Project from Studio Workspace because WORKSPACE_SLUG environment variable is empty
[debug] [2025-10-02T10:22:39.221Z] Checked if tokens are valid: false, expires at: 1759399921025
[debug] [2025-10-02T10:22:39.221Z] Checked if tokens are valid: false, expires at: 1759399921025
[debug] [2025-10-02T10:22:39.221Z] > refreshing access token with scopes: []
[debug] [2025-10-02T10:22:39.225Z] >>> [apiv2][query] POST https://www.googleapis.com/oauth2/v3/token [none]
[debug] [2025-10-02T10:22:39.225Z] >>> [apiv2][body] POST https://www.googleapis.com/oauth2/v3/token [omitted]
[debug] [2025-10-02T10:22:39.227Z] Checked if tokens are valid: false, expires at: 1759399921025
[debug] [2025-10-02T10:22:39.228Z] Checked if tokens are valid: false, expires at: 1759399921025
[debug] [2025-10-02T10:22:39.228Z] > refreshing access token with scopes: []
[debug] [2025-10-02T10:22:39.228Z] >>> [apiv2][query] POST https://www.googleapis.com/oauth2/v3/token [none]
[debug] [2025-10-02T10:22:39.228Z] >>> [apiv2][body] POST https://www.googleapis.com/oauth2/v3/token [omitted]
[debug] [2025-10-02T10:22:39.230Z] Checked if tokens are valid: false, expires at: 1759399921025
[debug] [2025-10-02T10:22:39.230Z] Checked if tokens are valid: false, expires at: 1759399921025
[debug] [2025-10-02T10:22:39.230Z] > refreshing access token with scopes: []
[debug] [2025-10-02T10:22:39.231Z] >>> [apiv2][query] POST https://www.googleapis.com/oauth2/v3/token [none]
[debug] [2025-10-02T10:22:39.231Z] >>> [apiv2][body] POST https://www.googleapis.com/oauth2/v3/token [omitted]
[debug] [2025-10-02T10:22:39.232Z] Checked if tokens are valid: false, expires at: 1759399921025
[debug] [2025-10-02T10:22:39.232Z] Checked if tokens are valid: false, expires at: 1759399921025
[debug] [2025-10-02T10:22:39.232Z] > refreshing access token with scopes: []
[debug] [2025-10-02T10:22:39.232Z] >>> [apiv2][query] POST https://www.googleapis.com/oauth2/v3/token [none]
[debug] [2025-10-02T10:22:39.232Z] >>> [apiv2][body] POST https://www.googleapis.com/oauth2/v3/token [omitted]
[debug] [2025-10-02T10:22:39.234Z] Checked if tokens are valid: false, expires at: 1759399921025
[debug] [2025-10-02T10:22:39.235Z] Checked if tokens are valid: false, expires at: 1759399921025
[debug] [2025-10-02T10:22:39.235Z] > refreshing access token with scopes: []
[debug] [2025-10-02T10:22:39.235Z] >>> [apiv2][query] POST https://www.googleapis.com/oauth2/v3/token [none]
[debug] [2025-10-02T10:22:39.235Z] >>> [apiv2][body] POST https://www.googleapis.com/oauth2/v3/token [omitted]
[debug] [2025-10-02T10:22:39.310Z] <<< [apiv2][status] POST https://www.googleapis.com/oauth2/v3/token 200
[debug] [2025-10-02T10:22:39.310Z] <<< [apiv2][body] POST https://www.googleapis.com/oauth2/v3/token [omitted]
[debug] [2025-10-02T10:22:39.340Z] >>> [apiv2][query] GET https://serviceusage.googleapis.com/v1/projects/direct-hope-473110-r0/services/firebaseio.com [none]
[debug] [2025-10-02T10:22:39.340Z] >>> [apiv2][(partial)header] GET https://serviceusage.googleapis.com/v1/projects/direct-hope-473110-r0/services/firebaseio.com x-goog-quota-user=projects/direct-hope-473110-r0
[debug] [2025-10-02T10:22:39.344Z] <<< [apiv2][status] POST https://www.googleapis.com/oauth2/v3/token 200
[debug] [2025-10-02T10:22:39.345Z] <<< [apiv2][body] POST https://www.googleapis.com/oauth2/v3/token [omitted]
[debug] [2025-10-02T10:22:39.358Z] >>> [apiv2][query] GET https://serviceusage.googleapis.com/v1/projects/direct-hope-473110-r0/services/firebaseapphosting.googleapis.com [none]
[debug] [2025-10-02T10:22:39.358Z] >>> [apiv2][(partial)header] GET https://serviceusage.googleapis.com/v1/projects/direct-hope-473110-r0/services/firebaseapphosting.googleapis.com x-goog-quota-user=projects/direct-hope-473110-r0
[debug] [2025-10-02T10:22:39.362Z] <<< [apiv2][status] POST https://www.googleapis.com/oauth2/v3/token 200
[debug] [2025-10-02T10:22:39.362Z] <<< [apiv2][body] POST https://www.googleapis.com/oauth2/v3/token [omitted]
[debug] [2025-10-02T10:22:39.377Z] >>> [apiv2][query] GET https://serviceusage.googleapis.com/v1/projects/direct-hope-473110-r0/services/ [none]
[debug] [2025-10-02T10:22:39.377Z] >>> [apiv2][(partial)header] GET https://serviceusage.googleapis.com/v1/projects/direct-hope-473110-r0/services/ x-goog-quota-user=projects/direct-hope-473110-r0
[debug] [2025-10-02T10:22:39.435Z] <<< [apiv2][status] POST https://www.googleapis.com/oauth2/v3/token 200
[debug] [2025-10-02T10:22:39.436Z] <<< [apiv2][body] POST https://www.googleapis.com/oauth2/v3/token [omitted]
[debug] [2025-10-02T10:22:39.452Z] >>> [apiv2][query] GET https://serviceusage.googleapis.com/v1/projects/direct-hope-473110-r0/services/firebasedataconnect.googleapis.com [none]
[debug] [2025-10-02T10:22:39.452Z] >>> [apiv2][(partial)header] GET https://serviceusage.googleapis.com/v1/projects/direct-hope-473110-r0/services/firebasedataconnect.googleapis.com x-goog-quota-user=projects/direct-hope-473110-r0
[debug] [2025-10-02T10:22:39.455Z] <<< [apiv2][status] POST https://www.googleapis.com/oauth2/v3/token 200
[debug] [2025-10-02T10:22:39.455Z] <<< [apiv2][body] POST https://www.googleapis.com/oauth2/v3/token [omitted]
[debug] [2025-10-02T10:22:39.469Z] >>> [apiv2][query] GET https://serviceusage.googleapis.com/v1/projects/direct-hope-473110-r0/services/firebasecrashlytics.googleapis.com [none]
[debug] [2025-10-02T10:22:39.469Z] >>> [apiv2][(partial)header] GET https://serviceusage.googleapis.com/v1/projects/direct-hope-473110-r0/services/firebasecrashlytics.googleapis.com x-goog-quota-user=projects/direct-hope-473110-r0
[debug] [2025-10-02T10:22:39.473Z] <<< [apiv2][status] POST https://www.googleapis.com/oauth2/v3/token 200
[debug] [2025-10-02T10:22:39.473Z] <<< [apiv2][body] POST https://www.googleapis.com/oauth2/v3/token [omitted]
[debug] [2025-10-02T10:22:39.487Z] >>> [apiv2][query] GET https://serviceusage.googleapis.com/v1/projects/direct-hope-473110-r0/services/firebaseio.com [none]
[debug] [2025-10-02T10:22:39.487Z] >>> [apiv2][(partial)header] GET https://serviceusage.googleapis.com/v1/projects/direct-hope-473110-r0/services/firebaseio.com x-goog-quota-user=projects/direct-hope-473110-r0
[debug] [2025-10-02T10:22:39.491Z] <<< [apiv2][status] POST https://www.googleapis.com/oauth2/v3/token 200
[debug] [2025-10-02T10:22:39.491Z] <<< [apiv2][body] POST https://www.googleapis.com/oauth2/v3/token [omitted]
[debug] [2025-10-02T10:22:39.507Z] >>> [apiv2][query] GET https://serviceusage.googleapis.com/v1/projects/direct-hope-473110-r0/services/ [none]
[debug] [2025-10-02T10:22:39.507Z] >>> [apiv2][(partial)header] GET https://serviceusage.googleapis.com/v1/projects/direct-hope-473110-r0/services/ x-goog-quota-user=projects/direct-hope-473110-r0
[debug] [2025-10-02T10:22:39.509Z] <<< [apiv2][status] POST https://www.googleapis.com/oauth2/v3/token 200
[debug] [2025-10-02T10:22:39.510Z] <<< [apiv2][body] POST https://www.googleapis.com/oauth2/v3/token [omitted]
[debug] [2025-10-02T10:22:39.523Z] >>> [apiv2][query] GET https://serviceusage.googleapis.com/v1/projects/direct-hope-473110-r0/services/firebaseapphosting.googleapis.com [none]
[debug] [2025-10-02T10:22:39.523Z] >>> [apiv2][(partial)header] GET https://serviceusage.googleapis.com/v1/projects/direct-hope-473110-r0/services/firebaseapphosting.googleapis.com x-goog-quota-user=projects/direct-hope-473110-r0
[debug] [2025-10-02T10:22:39.551Z] <<< [apiv2][status] POST https://www.googleapis.com/oauth2/v3/token 200
[debug] [2025-10-02T10:22:39.552Z] <<< [apiv2][body] POST https://www.googleapis.com/oauth2/v3/token [omitted]
[debug] [2025-10-02T10:22:39.570Z] >>> [apiv2][query] GET https://serviceusage.googleapis.com/v1/projects/direct-hope-473110-r0/services/firebasedataconnect.googleapis.com [none]
[debug] [2025-10-02T10:22:39.570Z] >>> [apiv2][(partial)header] GET https://serviceusage.googleapis.com/v1/projects/direct-hope-473110-r0/services/firebasedataconnect.googleapis.com x-goog-quota-user=projects/direct-hope-473110-r0
[debug] [2025-10-02T10:22:39.605Z] <<< [apiv2][status] POST https://www.googleapis.com/oauth2/v3/token 200
[debug] [2025-10-02T10:22:39.607Z] <<< [apiv2][body] POST https://www.googleapis.com/oauth2/v3/token [omitted]
[debug] [2025-10-02T10:22:39.641Z] >>> [apiv2][query] GET https://serviceusage.googleapis.com/v1/projects/direct-hope-473110-r0/services/firebasecrashlytics.googleapis.com [none]
[debug] [2025-10-02T10:22:39.641Z] >>> [apiv2][(partial)header] GET https://serviceusage.googleapis.com/v1/projects/direct-hope-473110-r0/services/firebasecrashlytics.googleapis.com x-goog-quota-user=projects/direct-hope-473110-r0
[debug] [2025-10-02T10:22:40.405Z] <<< [apiv2][status] GET https://serviceusage.googleapis.com/v1/projects/direct-hope-473110-r0/services/firebaseio.com 403
[debug] [2025-10-02T10:22:40.405Z] <<< [apiv2][body] GET https://serviceusage.googleapis.com/v1/projects/direct-hope-473110-r0/services/firebaseio.com [omitted]
[debug] [2025-10-02T10:22:40.491Z] <<< [apiv2][status] GET https://serviceusage.googleapis.com/v1/projects/direct-hope-473110-r0/services/firebaseapphosting.googleapis.com 200
[debug] [2025-10-02T10:22:40.491Z] <<< [apiv2][body] GET https://serviceusage.googleapis.com/v1/projects/direct-hope-473110-r0/services/firebaseapphosting.googleapis.com [omitted]
[debug] [2025-10-02T10:22:40.554Z] <<< [apiv2][status] GET https://serviceusage.googleapis.com/v1/projects/direct-hope-473110-r0/services/firebaseio.com 403
[debug] [2025-10-02T10:22:40.555Z] <<< [apiv2][body] GET https://serviceusage.googleapis.com/v1/projects/direct-hope-473110-r0/services/firebaseio.com [omitted]
[debug] [2025-10-02T10:22:40.620Z] <<< [apiv2][status] GET https://serviceusage.googleapis.com/v1/projects/direct-hope-473110-r0/services/firebasecrashlytics.googleapis.com 200
[debug] [2025-10-02T10:22:40.620Z] <<< [apiv2][body] GET https://serviceusage.googleapis.com/v1/projects/direct-hope-473110-r0/services/firebasecrashlytics.googleapis.com [omitted]
[debug] [2025-10-02T10:22:40.629Z] <<< [apiv2][status] GET https://serviceusage.googleapis.com/v1/projects/direct-hope-473110-r0/services/firebaseapphosting.googleapis.com 200
[debug] [2025-10-02T10:22:40.629Z] <<< [apiv2][body] GET https://serviceusage.googleapis.com/v1/projects/direct-hope-473110-r0/services/firebaseapphosting.googleapis.com [omitted]
[debug] [2025-10-02T10:22:40.635Z] <<< [apiv2][status] GET https://serviceusage.googleapis.com/v1/projects/direct-hope-473110-r0/services/firebasedataconnect.googleapis.com 200
[debug] [2025-10-02T10:22:40.637Z] <<< [apiv2][body] GET https://serviceusage.googleapis.com/v1/projects/direct-hope-473110-r0/services/firebasedataconnect.googleapis.com [omitted]
[debug] [2025-10-02T10:22:40.647Z] <<< [apiv2][status] GET https://serviceusage.googleapis.com/v1/projects/direct-hope-473110-r0/services/firebasedataconnect.googleapis.com 200
[debug] [2025-10-02T10:22:40.647Z] <<< [apiv2][body] GET https://serviceusage.googleapis.com/v1/projects/direct-hope-473110-r0/services/firebasedataconnect.googleapis.com [omitted]
[debug] [2025-10-02T10:22:40.701Z] <<< [apiv2][status] GET https://serviceusage.googleapis.com/v1/projects/direct-hope-473110-r0/services/firebasecrashlytics.googleapis.com 200
[debug] [2025-10-02T10:22:40.701Z] <<< [apiv2][body] GET https://serviceusage.googleapis.com/v1/projects/direct-hope-473110-r0/services/firebasecrashlytics.googleapis.com [omitted]
[debug] [2025-10-02T10:22:40.811Z] <<< [apiv2][status] GET https://serviceusage.googleapis.com/v1/projects/direct-hope-473110-r0/services/ 200
[debug] [2025-10-02T10:22:40.812Z] <<< [apiv2][body] GET https://serviceusage.googleapis.com/v1/projects/direct-hope-473110-r0/services/ [omitted]
[debug] [2025-10-02T10:22:40.841Z] <<< [apiv2][status] GET https://serviceusage.googleapis.com/v1/projects/direct-hope-473110-r0/services/ 200
[debug] [2025-10-02T10:22:40.842Z] <<< [apiv2][body] GET https://serviceusage.googleapis.com/v1/projects/direct-hope-473110-r0/services/ [omitted]
[error] Failed to fetch Firebase Project from Studio Workspace because WORKSPACE_SLUG environment variable is empty
[error] Failed to fetch Firebase Project from Studio Workspace because WORKSPACE_SLUG environment variable is empty
[debug] [2025-10-02T10:22:40.846Z] > command requires scopes: ["email","openid","https://www.googleapis.com/auth/cloudplatformprojects.readonly","https://www.googleapis.com/auth/firebase","https://www.googleapis.com/auth/cloud-platform","https://www.googleapis.com/auth/userinfo.email"]
[debug] [2025-10-02T10:22:40.856Z] > authorizing via signed-in user (flixtreend@gmail.com)
[error] Failed to fetch Firebase Project from Studio Workspace because WORKSPACE_SLUG environment variable is empty
[error] Failed to fetch Firebase Project from Studio Workspace because WORKSPACE_SLUG environment variable is empty
[debug] [2025-10-02T10:22:40.886Z] > command requires scopes: ["email","openid","https://www.googleapis.com/auth/cloudplatformprojects.readonly","https://www.googleapis.com/auth/firebase","https://www.googleapis.com/auth/cloud-platform","https://www.googleapis.com/auth/userinfo.email"]
[debug] [2025-10-02T10:22:40.887Z] > authorizing via signed-in user (flixtreend@gmail.com)
[error] Failed to fetch Firebase Project from Studio Workspace because WORKSPACE_SLUG environment variable is empty
[error] Failed to fetch Firebase Project from Studio Workspace because WORKSPACE_SLUG environment variable is empty
[debug] [2025-10-02T10:22:40.899Z] > command requires scopes: ["email","openid","https://www.googleapis.com/auth/cloudplatformprojects.readonly","https://www.googleapis.com/auth/firebase","https://www.googleapis.com/auth/cloud-platform","https://www.googleapis.com/auth/userinfo.email"]
[debug] [2025-10-02T10:22:40.900Z] > authorizing via signed-in user (flixtreend@gmail.com)
[error] Failed to fetch Firebase Project from Studio Workspace because WORKSPACE_SLUG environment variable is empty
[error] Failed to fetch Firebase Project from Studio Workspace because WORKSPACE_SLUG environment variable is empty
[debug] [2025-10-03T10:36:32.363Z] Checked if tokens are valid: false, expires at: 1759404158608
[debug] [2025-10-03T10:36:32.364Z] Checked if tokens are valid: false, expires at: 1759404158608
[debug] [2025-10-03T10:36:32.364Z] > refreshing access token with scopes: []
[debug] [2025-10-03T10:36:32.367Z] >>> [apiv2][query] POST https://www.googleapis.com/oauth2/v3/token [none]
[debug] [2025-10-03T10:36:32.367Z] >>> [apiv2][body] POST https://www.googleapis.com/oauth2/v3/token [omitted]
[debug] [2025-10-03T10:36:32.419Z] Checked if tokens are valid: false, expires at: 1759404158608
[debug] [2025-10-03T10:36:32.420Z] Checked if tokens are valid: false, expires at: 1759404158608
[debug] [2025-10-03T10:36:32.420Z] > refreshing access token with scopes: []
[debug] [2025-10-03T10:36:32.420Z] >>> [apiv2][query] POST https://www.googleapis.com/oauth2/v3/token [none]
[debug] [2025-10-03T10:36:32.421Z] >>> [apiv2][body] POST https://www.googleapis.com/oauth2/v3/token [omitted]
[debug] [2025-10-03T10:36:32.424Z] Checked if tokens are valid: false, expires at: 1759404158608
[debug] [2025-10-03T10:36:32.424Z] Checked if tokens are valid: false, expires at: 1759404158608
[debug] [2025-10-03T10:36:32.424Z] > refreshing access token with scopes: []
[debug] [2025-10-03T10:36:32.425Z] >>> [apiv2][query] POST https://www.googleapis.com/oauth2/v3/token [none]
[debug] [2025-10-03T10:36:32.425Z] >>> [apiv2][body] POST https://www.googleapis.com/oauth2/v3/token [omitted]
[debug] [2025-10-03T10:36:32.428Z] Checked if tokens are valid: false, expires at: 1759404158608
[debug] [2025-10-03T10:36:32.428Z] Checked if tokens are valid: false, expires at: 1759404158608
[debug] [2025-10-03T10:36:32.428Z] > refreshing access token with scopes: []
[debug] [2025-10-03T10:36:32.428Z] >>> [apiv2][query] POST https://www.googleapis.com/oauth2/v3/token [none]
[debug] [2025-10-03T10:36:32.428Z] >>> [apiv2][body] POST https://www.googleapis.com/oauth2/v3/token [omitted]
[debug] [2025-10-03T10:36:32.430Z] Checked if tokens are valid: false, expires at: 1759404158608
[debug] [2025-10-03T10:36:32.430Z] Checked if tokens are valid: false, expires at: 1759404158608
[debug] [2025-10-03T10:36:32.431Z] > refreshing access token with scopes: []
[debug] [2025-10-03T10:36:32.431Z] >>> [apiv2][query] POST https://www.googleapis.com/oauth2/v3/token [none]
[debug] [2025-10-03T10:36:32.431Z] >>> [apiv2][body] POST https://www.googleapis.com/oauth2/v3/token [omitted]
[error] Failed to fetch Firebase Project from Studio Workspace because WORKSPACE_SLUG environment variable is empty
[error] Failed to fetch Firebase Project from Studio Workspace because WORKSPACE_SLUG environment variable is empty
[debug] [2025-10-03T10:36:32.490Z] Checked if tokens are valid: false, expires at: 1759404158608
[debug] [2025-10-03T10:36:32.490Z] Checked if tokens are valid: false, expires at: 1759404158608
[debug] [2025-10-03T10:36:32.490Z] > refreshing access token with scopes: []
[debug] [2025-10-03T10:36:32.490Z] >>> [apiv2][query] POST https://www.googleapis.com/oauth2/v3/token [none]
[debug] [2025-10-03T10:36:32.491Z] >>> [apiv2][body] POST https://www.googleapis.com/oauth2/v3/token [omitted]
[debug] [2025-10-03T10:36:32.493Z] Checked if tokens are valid: false, expires at: 1759404158608
[debug] [2025-10-03T10:36:32.493Z] Checked if tokens are valid: false, expires at: 1759404158608
[debug] [2025-10-03T10:36:32.493Z] > refreshing access token with scopes: []
[debug] [2025-10-03T10:36:32.493Z] >>> [apiv2][query] POST https://www.googleapis.com/oauth2/v3/token [none]
[debug] [2025-10-03T10:36:32.493Z] >>> [apiv2][body] POST https://www.googleapis.com/oauth2/v3/token [omitted]
[debug] [2025-10-03T10:36:32.496Z] Checked if tokens are valid: false, expires at: 1759404158608
[debug] [2025-10-03T10:36:32.496Z] Checked if tokens are valid: false, expires at: 1759404158608
[debug] [2025-10-03T10:36:32.496Z] > refreshing access token with scopes: []
[debug] [2025-10-03T10:36:32.497Z] >>> [apiv2][query] POST https://www.googleapis.com/oauth2/v3/token [none]
[debug] [2025-10-03T10:36:32.497Z] >>> [apiv2][body] POST https://www.googleapis.com/oauth2/v3/token [omitted]
[debug] [2025-10-03T10:36:32.498Z] Checked if tokens are valid: false, expires at: 1759404158608
[debug] [2025-10-03T10:36:32.498Z] Checked if tokens are valid: false, expires at: 1759404158608
[debug] [2025-10-03T10:36:32.499Z] > refreshing access token with scopes: []
[debug] [2025-10-03T10:36:32.499Z] >>> [apiv2][query] POST https://www.googleapis.com/oauth2/v3/token [none]
[debug] [2025-10-03T10:36:32.499Z] >>> [apiv2][body] POST https://www.googleapis.com/oauth2/v3/token [omitted]
[debug] [2025-10-03T10:36:32.501Z] Checked if tokens are valid: false, expires at: 1759404158608
[debug] [2025-10-03T10:36:32.501Z] Checked if tokens are valid: false, expires at: 1759404158608
[debug] [2025-10-03T10:36:32.501Z] > refreshing access token with scopes: []
[debug] [2025-10-03T10:36:32.502Z] >>> [apiv2][query] POST https://www.googleapis.com/oauth2/v3/token [none]
[debug] [2025-10-03T10:36:32.502Z] >>> [apiv2][body] POST https://www.googleapis.com/oauth2/v3/token [omitted]
[debug] [2025-10-03T10:36:32.544Z] <<< [apiv2][status] POST https://www.googleapis.com/oauth2/v3/token 200
[debug] [2025-10-03T10:36:32.544Z] <<< [apiv2][body] POST https://www.googleapis.com/oauth2/v3/token [omitted]
[debug] [2025-10-03T10:36:32.649Z] >>> [apiv2][query] GET https://serviceusage.googleapis.com/v1/projects/direct-hope-473110-r0/services/firebaseapphosting.googleapis.com [none]
[debug] [2025-10-03T10:36:32.649Z] >>> [apiv2][(partial)header] GET https://serviceusage.googleapis.com/v1/projects/direct-hope-473110-r0/services/firebaseapphosting.googleapis.com x-goog-quota-user=projects/direct-hope-473110-r0
[debug] [2025-10-03T10:36:32.661Z] <<< [apiv2][status] POST https://www.googleapis.com/oauth2/v3/token 200
[debug] [2025-10-03T10:36:32.661Z] <<< [apiv2][body] POST https://www.googleapis.com/oauth2/v3/token [omitted]
[debug] [2025-10-03T10:36:32.673Z] >>> [apiv2][query] GET https://serviceusage.googleapis.com/v1/projects/direct-hope-473110-r0/services/firebaseio.com [none]
[debug] [2025-10-03T10:36:32.673Z] >>> [apiv2][(partial)header] GET https://serviceusage.googleapis.com/v1/projects/direct-hope-473110-r0/services/firebaseio.com x-goog-quota-user=projects/direct-hope-473110-r0
[debug] [2025-10-03T10:36:32.678Z] <<< [apiv2][status] POST https://www.googleapis.com/oauth2/v3/token 200
[debug] [2025-10-03T10:36:32.678Z] <<< [apiv2][body] POST https://www.googleapis.com/oauth2/v3/token [omitted]
[debug] [2025-10-03T10:36:32.686Z] >>> [apiv2][query] GET https://serviceusage.googleapis.com/v1/projects/direct-hope-473110-r0/services/firebaseio.com [none]
[debug] [2025-10-03T10:36:32.686Z] >>> [apiv2][(partial)header] GET https://serviceusage.googleapis.com/v1/projects/direct-hope-473110-r0/services/firebaseio.com x-goog-quota-user=projects/direct-hope-473110-r0
[debug] [2025-10-03T10:36:32.689Z] <<< [apiv2][status] POST https://www.googleapis.com/oauth2/v3/token 200
[debug] [2025-10-03T10:36:32.690Z] <<< [apiv2][body] POST https://www.googleapis.com/oauth2/v3/token [omitted]
[debug] [2025-10-03T10:36:32.697Z] >>> [apiv2][query] GET https://serviceusage.googleapis.com/v1/projects/direct-hope-473110-r0/services/firebasecrashlytics.googleapis.com [none]
[debug] [2025-10-03T10:36:32.697Z] >>> [apiv2][(partial)header] GET https://serviceusage.googleapis.com/v1/projects/direct-hope-473110-r0/services/firebasecrashlytics.googleapis.com x-goog-quota-user=projects/direct-hope-473110-r0
[debug] [2025-10-03T10:36:32.700Z] <<< [apiv2][status] POST https://www.googleapis.com/oauth2/v3/token 200
[debug] [2025-10-03T10:36:32.700Z] <<< [apiv2][body] POST https://www.googleapis.com/oauth2/v3/token [omitted]
[debug] [2025-10-03T10:36:32.783Z] >>> [apiv2][query] GET https://serviceusage.googleapis.com/v1/projects/direct-hope-473110-r0/services/firebaseapphosting.googleapis.com [none]
[debug] [2025-10-03T10:36:32.783Z] >>> [apiv2][(partial)header] GET https://serviceusage.googleapis.com/v1/projects/direct-hope-473110-r0/services/firebaseapphosting.googleapis.com x-goog-quota-user=projects/direct-hope-473110-r0
[debug] [2025-10-03T10:36:32.785Z] <<< [apiv2][status] POST https://www.googleapis.com/oauth2/v3/token 200
[debug] [2025-10-03T10:36:32.785Z] <<< [apiv2][body] POST https://www.googleapis.com/oauth2/v3/token [omitted]
[debug] [2025-10-03T10:36:32.864Z] >>> [apiv2][query] GET https://serviceusage.googleapis.com/v1/projects/direct-hope-473110-r0/services/ [none]
[debug] [2025-10-03T10:36:32.865Z] >>> [apiv2][(partial)header] GET https://serviceusage.googleapis.com/v1/projects/direct-hope-473110-r0/services/ x-goog-quota-user=projects/direct-hope-473110-r0
[debug] [2025-10-03T10:36:32.887Z] <<< [apiv2][status] POST https://www.googleapis.com/oauth2/v3/token 200
[debug] [2025-10-03T10:36:32.887Z] <<< [apiv2][body] POST https://www.googleapis.com/oauth2/v3/token [omitted]
[debug] [2025-10-03T10:36:32.973Z] >>> [apiv2][query] GET https://serviceusage.googleapis.com/v1/projects/direct-hope-473110-r0/services/firebasedataconnect.googleapis.com [none]
[debug] [2025-10-03T10:36:32.973Z] >>> [apiv2][(partial)header] GET https://serviceusage.googleapis.com/v1/projects/direct-hope-473110-r0/services/firebasedataconnect.googleapis.com x-goog-quota-user=projects/direct-hope-473110-r0
[debug] [2025-10-03T10:36:32.992Z] <<< [apiv2][status] POST https://www.googleapis.com/oauth2/v3/token 200
[debug] [2025-10-03T10:36:32.992Z] <<< [apiv2][body] POST https://www.googleapis.com/oauth2/v3/token [omitted]
[debug] [2025-10-03T10:36:33.010Z] >>> [apiv2][query] GET https://serviceusage.googleapis.com/v1/projects/direct-hope-473110-r0/services/ [none]
[debug] [2025-10-03T10:36:33.011Z] >>> [apiv2][(partial)header] GET https://serviceusage.googleapis.com/v1/projects/direct-hope-473110-r0/services/ x-goog-quota-user=projects/direct-hope-473110-r0
[debug] [2025-10-03T10:36:33.020Z] <<< [apiv2][status] POST https://www.googleapis.com/oauth2/v3/token 200
[debug] [2025-10-03T10:36:33.020Z] <<< [apiv2][body] POST https://www.googleapis.com/oauth2/v3/token [omitted]
[debug] [2025-10-03T10:36:33.032Z] >>> [apiv2][query] GET https://serviceusage.googleapis.com/v1/projects/direct-hope-473110-r0/services/firebasedataconnect.googleapis.com [none]
[debug] [2025-10-03T10:36:33.032Z] >>> [apiv2][(partial)header] GET https://serviceusage.googleapis.com/v1/projects/direct-hope-473110-r0/services/firebasedataconnect.googleapis.com x-goog-quota-user=projects/direct-hope-473110-r0
[debug] [2025-10-03T10:36:33.048Z] <<< [apiv2][status] POST https://www.googleapis.com/oauth2/v3/token 200
[debug] [2025-10-03T10:36:33.048Z] <<< [apiv2][body] POST https://www.googleapis.com/oauth2/v3/token [omitted]
[debug] [2025-10-03T10:36:33.062Z] >>> [apiv2][query] GET https://serviceusage.googleapis.com/v1/projects/direct-hope-473110-r0/services/firebasecrashlytics.googleapis.com [none]
[debug] [2025-10-03T10:36:33.062Z] >>> [apiv2][(partial)header] GET https://serviceusage.googleapis.com/v1/projects/direct-hope-473110-r0/services/firebasecrashlytics.googleapis.com x-goog-quota-user=projects/direct-hope-473110-r0
[debug] [2025-10-03T10:36:33.831Z] <<< [apiv2][status] GET https://serviceusage.googleapis.com/v1/projects/direct-hope-473110-r0/services/firebaseio.com 403
[debug] [2025-10-03T10:36:33.831Z] <<< [apiv2][body] GET https://serviceusage.googleapis.com/v1/projects/direct-hope-473110-r0/services/firebaseio.com [omitted]
[debug] [2025-10-03T10:36:33.844Z] <<< [apiv2][status] GET https://serviceusage.googleapis.com/v1/projects/direct-hope-473110-r0/services/firebaseio.com 403
[debug] [2025-10-03T10:36:33.844Z] <<< [apiv2][body] GET https://serviceusage.googleapis.com/v1/projects/direct-hope-473110-r0/services/firebaseio.com [omitted]
[debug] [2025-10-03T10:36:33.939Z] <<< [apiv2][status] GET https://serviceusage.googleapis.com/v1/projects/direct-hope-473110-r0/services/firebaseapphosting.googleapis.com 200
[debug] [2025-10-03T10:36:33.939Z] <<< [apiv2][body] GET https://serviceusage.googleapis.com/v1/projects/direct-hope-473110-r0/services/firebaseapphosting.googleapis.com [omitted]
[debug] [2025-10-03T10:36:34.021Z] <<< [apiv2][status] GET https://serviceusage.googleapis.com/v1/projects/direct-hope-473110-r0/services/firebasecrashlytics.googleapis.com 200
[debug] [2025-10-03T10:36:34.021Z] <<< [apiv2][body] GET https://serviceusage.googleapis.com/v1/projects/direct-hope-473110-r0/services/firebasecrashlytics.googleapis.com [omitted]
[debug] [2025-10-03T10:36:34.033Z] <<< [apiv2][status] GET https://serviceusage.googleapis.com/v1/projects/direct-hope-473110-r0/services/firebaseapphosting.googleapis.com 200
[debug] [2025-10-03T10:36:34.033Z] <<< [apiv2][body] GET https://serviceusage.googleapis.com/v1/projects/direct-hope-473110-r0/services/firebaseapphosting.googleapis.com [omitted]
[debug] [2025-10-03T10:36:34.053Z] <<< [apiv2][status] GET https://serviceusage.googleapis.com/v1/projects/direct-hope-473110-r0/services/firebasedataconnect.googleapis.com 200
[debug] [2025-10-03T10:36:34.053Z] <<< [apiv2][body] GET https://serviceusage.googleapis.com/v1/projects/direct-hope-473110-r0/services/firebasedataconnect.googleapis.com [omitted]
[debug] [2025-10-03T10:36:34.114Z] <<< [apiv2][status] GET https://serviceusage.googleapis.com/v1/projects/direct-hope-473110-r0/services/firebasedataconnect.googleapis.com 200
[debug] [2025-10-03T10:36:34.114Z] <<< [apiv2][body] GET https://serviceusage.googleapis.com/v1/projects/direct-hope-473110-r0/services/firebasedataconnect.googleapis.com [omitted]
[debug] [2025-10-03T10:36:34.118Z] <<< [apiv2][status] GET https://serviceusage.googleapis.com/v1/projects/direct-hope-473110-r0/services/firebasecrashlytics.googleapis.com 200
[debug] [2025-10-03T10:36:34.119Z] <<< [apiv2][body] GET https://serviceusage.googleapis.com/v1/projects/direct-hope-473110-r0/services/firebasecrashlytics.googleapis.com [omitted]
[debug] [2025-10-03T10:36:34.314Z] <<< [apiv2][status] GET https://serviceusage.googleapis.com/v1/projects/direct-hope-473110-r0/services/ 200
[debug] [2025-10-03T10:36:34.314Z] <<< [apiv2][body] GET https://serviceusage.googleapis.com/v1/projects/direct-hope-473110-r0/services/ [omitted]
[error] Failed to fetch Firebase Project from Studio Workspace because WORKSPACE_SLUG environment variable is empty
[error] Failed to fetch Firebase Project from Studio Workspace because WORKSPACE_SLUG environment variable is empty
[debug] [2025-10-03T10:36:34.317Z] > command requires scopes: ["email","openid","https://www.googleapis.com/auth/cloudplatformprojects.readonly","https://www.googleapis.com/auth/firebase","https://www.googleapis.com/auth/cloud-platform","https://www.googleapis.com/auth/userinfo.email"]
[debug] [2025-10-03T10:36:34.318Z] > authorizing via signed-in user (flixtreend@gmail.com)
[debug] [2025-10-03T10:36:34.407Z] <<< [apiv2][status] GET https://serviceusage.googleapis.com/v1/projects/direct-hope-473110-r0/services/ 200
[debug] [2025-10-03T10:36:34.407Z] <<< [apiv2][body] GET https://serviceusage.googleapis.com/v1/projects/direct-hope-473110-r0/services/ [omitted]
[error] Failed to fetch Firebase Project from Studio Workspace because WORKSPACE_SLUG environment variable is empty
[error] Failed to fetch Firebase Project from Studio Workspace because WORKSPACE_SLUG environment variable is empty
[debug] [2025-10-03T12:04:01.153Z] Checked if tokens are valid: false, expires at: 1759491392049
[debug] [2025-10-03T12:04:01.160Z] Checked if tokens are valid: false, expires at: 1759491392049
[debug] [2025-10-03T12:04:01.161Z] > refreshing access token with scopes: []
[debug] [2025-10-03T12:04:01.181Z] >>> [apiv2][query] POST https://www.googleapis.com/oauth2/v3/token [none]
[debug] [2025-10-03T12:04:01.182Z] >>> [apiv2][body] POST https://www.googleapis.com/oauth2/v3/token [omitted]
[debug] [2025-10-03T12:04:01.524Z] Checked if tokens are valid: false, expires at: 1759491392049
[debug] [2025-10-03T12:04:01.525Z] Checked if tokens are valid: false, expires at: 1759491392049
[debug] [2025-10-03T12:04:01.525Z] > refreshing access token with scopes: []
[debug] [2025-10-03T12:04:01.533Z] >>> [apiv2][query] POST https://www.googleapis.com/oauth2/v3/token [none]
[debug] [2025-10-03T12:04:01.533Z] >>> [apiv2][body] POST https://www.googleapis.com/oauth2/v3/token [omitted]
[debug] [2025-10-03T12:04:01.554Z] Checked if tokens are valid: false, expires at: 1759491392049
[debug] [2025-10-03T12:04:01.555Z] Checked if tokens are valid: false, expires at: 1759491392049
[debug] [2025-10-03T12:04:01.561Z] > refreshing access token with scopes: []
[debug] [2025-10-03T12:04:01.578Z] >>> [apiv2][query] POST https://www.googleapis.com/oauth2/v3/token [none]
[debug] [2025-10-03T12:04:01.579Z] >>> [apiv2][body] POST https://www.googleapis.com/oauth2/v3/token [omitted]
[debug] [2025-10-03T12:04:01.598Z] Checked if tokens are valid: false, expires at: 1759491392049
[debug] [2025-10-03T12:04:01.604Z] Checked if tokens are valid: false, expires at: 1759491392049
[debug] [2025-10-03T12:04:01.605Z] > refreshing access token with scopes: []
[debug] [2025-10-03T12:04:01.605Z] >>> [apiv2][query] POST https://www.googleapis.com/oauth2/v3/token [none]
[debug] [2025-10-03T12:04:01.606Z] >>> [apiv2][body] POST https://www.googleapis.com/oauth2/v3/token [omitted]
[debug] [2025-10-03T12:04:01.616Z] Checked if tokens are valid: false, expires at: 1759491392049
[debug] [2025-10-03T12:04:01.618Z] Checked if tokens are valid: false, expires at: 1759491392049
[debug] [2025-10-03T12:04:01.618Z] > refreshing access token with scopes: []
[debug] [2025-10-03T12:04:01.619Z] >>> [apiv2][query] POST https://www.googleapis.com/oauth2/v3/token [none]
[debug] [2025-10-03T12:04:01.623Z] >>> [apiv2][body] POST https://www.googleapis.com/oauth2/v3/token [omitted]
[error] Failed to fetch Firebase Project from Studio Workspace because WORKSPACE_SLUG environment variable is empty
[error] Failed to fetch Firebase Project from Studio Workspace because WORKSPACE_SLUG environment variable is empty
[debug] [2025-10-03T12:04:02.070Z] Checked if tokens are valid: false, expires at: 1759491392049
[debug] [2025-10-03T12:04:02.070Z] Checked if tokens are valid: false, expires at: 1759491392049
[debug] [2025-10-03T12:04:02.070Z] > refreshing access token with scopes: []
[debug] [2025-10-03T12:04:02.071Z] >>> [apiv2][query] POST https://www.googleapis.com/oauth2/v3/token [none]
[debug] [2025-10-03T12:04:02.071Z] >>> [apiv2][body] POST https://www.googleapis.com/oauth2/v3/token [omitted]
[debug] [2025-10-03T12:04:02.075Z] Checked if tokens are valid: false, expires at: 1759491392049
[debug] [2025-10-03T12:04:02.075Z] Checked if tokens are valid: false, expires at: 1759491392049
[debug] [2025-10-03T12:04:02.075Z] > refreshing access token with scopes: []
[debug] [2025-10-03T12:04:02.076Z] >>> [apiv2][query] POST https://www.googleapis.com/oauth2/v3/token [none]
[debug] [2025-10-03T12:04:02.076Z] >>> [apiv2][body] POST https://www.googleapis.com/oauth2/v3/token [omitted]
[debug] [2025-10-03T12:04:02.078Z] Checked if tokens are valid: false, expires at: 1759491392049
[debug] [2025-10-03T12:04:02.078Z] Checked if tokens are valid: false, expires at: 1759491392049
[debug] [2025-10-03T12:04:02.078Z] > refreshing access token with scopes: []
[debug] [2025-10-03T12:04:02.079Z] >>> [apiv2][query] POST https://www.googleapis.com/oauth2/v3/token [none]
[debug] [2025-10-03T12:04:02.079Z] >>> [apiv2][body] POST https://www.googleapis.com/oauth2/v3/token [omitted]
[debug] [2025-10-03T12:04:02.080Z] Checked if tokens are valid: false, expires at: 1759491392049
[debug] [2025-10-03T12:04:02.088Z] Checked if tokens are valid: false, expires at: 1759491392049
[debug] [2025-10-03T12:04:02.088Z] > refreshing access token with scopes: []
[debug] [2025-10-03T12:04:02.089Z] >>> [apiv2][query] POST https://www.googleapis.com/oauth2/v3/token [none]
[debug] [2025-10-03T12:04:02.089Z] >>> [apiv2][body] POST https://www.googleapis.com/oauth2/v3/token [omitted]
[debug] [2025-10-03T12:04:02.092Z] Checked if tokens are valid: false, expires at: 1759491392049
[debug] [2025-10-03T12:04:02.092Z] Checked if tokens are valid: false, expires at: 1759491392049
[debug] [2025-10-03T12:04:02.093Z] > refreshing access token with scopes: []
[debug] [2025-10-03T12:04:02.093Z] >>> [apiv2][query] POST https://www.googleapis.com/oauth2/v3/token [none]
[debug] [2025-10-03T12:04:02.094Z] >>> [apiv2][body] POST https://www.googleapis.com/oauth2/v3/token [omitted]
[debug] [2025-10-03T12:04:02.126Z] <<< [apiv2][status] POST https://www.googleapis.com/oauth2/v3/token 200
[debug] [2025-10-03T12:04:02.127Z] <<< [apiv2][body] POST https://www.googleapis.com/oauth2/v3/token [omitted]
[debug] [2025-10-03T12:04:02.149Z] >>> [apiv2][query] GET https://serviceusage.googleapis.com/v1/projects/direct-hope-473110-r0/services/firebasedataconnect.googleapis.com [none]
[debug] [2025-10-03T12:04:02.149Z] >>> [apiv2][(partial)header] GET https://serviceusage.googleapis.com/v1/projects/direct-hope-473110-r0/services/firebasedataconnect.googleapis.com x-goog-quota-user=projects/direct-hope-473110-r0
[debug] [2025-10-03T12:04:02.226Z] <<< [apiv2][status] POST https://www.googleapis.com/oauth2/v3/token 200
[debug] [2025-10-03T12:04:02.226Z] <<< [apiv2][body] POST https://www.googleapis.com/oauth2/v3/token [omitted]
[debug] [2025-10-03T12:04:02.254Z] >>> [apiv2][query] GET https://serviceusage.googleapis.com/v1/projects/direct-hope-473110-r0/services/firebaseio.com [none]
[debug] [2025-10-03T12:04:02.254Z] >>> [apiv2][(partial)header] GET https://serviceusage.googleapis.com/v1/projects/direct-hope-473110-r0/services/firebaseio.com x-goog-quota-user=projects/direct-hope-473110-r0
[debug] [2025-10-03T12:04:02.275Z] <<< [apiv2][status] POST https://www.googleapis.com/oauth2/v3/token 200
[debug] [2025-10-03T12:04:02.276Z] <<< [apiv2][body] POST https://www.googleapis.com/oauth2/v3/token [omitted]
[debug] [2025-10-03T12:04:02.295Z] >>> [apiv2][query] GET https://serviceusage.googleapis.com/v1/projects/direct-hope-473110-r0/services/firebaseapphosting.googleapis.com [none]
[debug] [2025-10-03T12:04:02.297Z] >>> [apiv2][(partial)header] GET https://serviceusage.googleapis.com/v1/projects/direct-hope-473110-r0/services/firebaseapphosting.googleapis.com x-goog-quota-user=projects/direct-hope-473110-r0
[debug] [2025-10-03T12:04:02.306Z] <<< [apiv2][status] POST https://www.googleapis.com/oauth2/v3/token 200
[debug] [2025-10-03T12:04:02.306Z] <<< [apiv2][body] POST https://www.googleapis.com/oauth2/v3/token [omitted]
[debug] [2025-10-03T12:04:02.324Z] >>> [apiv2][query] GET https://serviceusage.googleapis.com/v1/projects/direct-hope-473110-r0/services/firebaseapphosting.googleapis.com [none]
[debug] [2025-10-03T12:04:02.326Z] >>> [apiv2][(partial)header] GET https://serviceusage.googleapis.com/v1/projects/direct-hope-473110-r0/services/firebaseapphosting.googleapis.com x-goog-quota-user=projects/direct-hope-473110-r0
[debug] [2025-10-03T12:04:02.337Z] <<< [apiv2][status] POST https://www.googleapis.com/oauth2/v3/token 200
[debug] [2025-10-03T12:04:02.338Z] <<< [apiv2][body] POST https://www.googleapis.com/oauth2/v3/token [omitted]
[debug] [2025-10-03T12:04:02.356Z] >>> [apiv2][query] GET https://serviceusage.googleapis.com/v1/projects/direct-hope-473110-r0/services/firebasecrashlytics.googleapis.com [none]
[debug] [2025-10-03T12:04:02.358Z] >>> [apiv2][(partial)header] GET https://serviceusage.googleapis.com/v1/projects/direct-hope-473110-r0/services/firebasecrashlytics.googleapis.com x-goog-quota-user=projects/direct-hope-473110-r0
[debug] [2025-10-03T12:04:02.394Z] <<< [apiv2][status] POST https://www.googleapis.com/oauth2/v3/token 200
[debug] [2025-10-03T12:04:02.395Z] <<< [apiv2][body] POST https://www.googleapis.com/oauth2/v3/token [omitted]
[debug] [2025-10-03T12:04:02.420Z] >>> [apiv2][query] GET https://serviceusage.googleapis.com/v1/projects/direct-hope-473110-r0/services/ [none]
[debug] [2025-10-03T12:04:02.421Z] >>> [apiv2][(partial)header] GET https://serviceusage.googleapis.com/v1/projects/direct-hope-473110-r0/services/ x-goog-quota-user=projects/direct-hope-473110-r0
[debug] [2025-10-03T12:04:02.544Z] <<< [apiv2][status] POST https://www.googleapis.com/oauth2/v3/token 200
[debug] [2025-10-03T12:04:02.544Z] <<< [apiv2][body] POST https://www.googleapis.com/oauth2/v3/token [omitted]
[debug] [2025-10-03T12:04:02.570Z] >>> [apiv2][query] GET https://serviceusage.googleapis.com/v1/projects/direct-hope-473110-r0/services/ [none]
[debug] [2025-10-03T12:04:02.571Z] >>> [apiv2][(partial)header] GET https://serviceusage.googleapis.com/v1/projects/direct-hope-473110-r0/services/ x-goog-quota-user=projects/direct-hope-473110-r0
[debug] [2025-10-03T12:04:02.611Z] <<< [apiv2][status] POST https://www.googleapis.com/oauth2/v3/token 200
[debug] [2025-10-03T12:04:02.617Z] <<< [apiv2][body] POST https://www.googleapis.com/oauth2/v3/token [omitted]
[debug] [2025-10-03T12:04:02.638Z] >>> [apiv2][query] GET https://serviceusage.googleapis.com/v1/projects/direct-hope-473110-r0/services/firebasecrashlytics.googleapis.com [none]
[debug] [2025-10-03T12:04:02.640Z] >>> [apiv2][(partial)header] GET https://serviceusage.googleapis.com/v1/projects/direct-hope-473110-r0/services/firebasecrashlytics.googleapis.com x-goog-quota-user=projects/direct-hope-473110-r0
[debug] [2025-10-03T12:04:02.706Z] <<< [apiv2][status] POST https://www.googleapis.com/oauth2/v3/token 200
[debug] [2025-10-03T12:04:02.707Z] <<< [apiv2][body] POST https://www.googleapis.com/oauth2/v3/token [omitted]
[debug] [2025-10-03T12:04:02.735Z] >>> [apiv2][query] GET https://serviceusage.googleapis.com/v1/projects/direct-hope-473110-r0/services/firebaseio.com [none]
[debug] [2025-10-03T12:04:02.735Z] >>> [apiv2][(partial)header] GET https://serviceusage.googleapis.com/v1/projects/direct-hope-473110-r0/services/firebaseio.com x-goog-quota-user=projects/direct-hope-473110-r0
[debug] [2025-10-03T12:04:02.788Z] <<< [apiv2][status] POST https://www.googleapis.com/oauth2/v3/token 200
[debug] [2025-10-03T12:04:02.793Z] <<< [apiv2][body] POST https://www.googleapis.com/oauth2/v3/token [omitted]
[debug] [2025-10-03T12:04:02.812Z] >>> [apiv2][query] GET https://serviceusage.googleapis.com/v1/projects/direct-hope-473110-r0/services/firebasedataconnect.googleapis.com [none]
[debug] [2025-10-03T12:04:02.813Z] >>> [apiv2][(partial)header] GET https://serviceusage.googleapis.com/v1/projects/direct-hope-473110-r0/services/firebasedataconnect.googleapis.com x-goog-quota-user=projects/direct-hope-473110-r0
[debug] [2025-10-03T12:04:03.283Z] <<< [apiv2][status] GET https://serviceusage.googleapis.com/v1/projects/direct-hope-473110-r0/services/firebasedataconnect.googleapis.com 200
[debug] [2025-10-03T12:04:03.283Z] <<< [apiv2][body] GET https://serviceusage.googleapis.com/v1/projects/direct-hope-473110-r0/services/firebasedataconnect.googleapis.com [omitted]
[debug] [2025-10-03T12:04:03.361Z] <<< [apiv2][status] GET https://serviceusage.googleapis.com/v1/projects/direct-hope-473110-r0/services/firebaseio.com 403
[debug] [2025-10-03T12:04:03.362Z] <<< [apiv2][body] GET https://serviceusage.googleapis.com/v1/projects/direct-hope-473110-r0/services/firebaseio.com [omitted]
[debug] [2025-10-03T12:04:03.510Z] <<< [apiv2][status] GET https://serviceusage.googleapis.com/v1/projects/direct-hope-473110-r0/services/firebasecrashlytics.googleapis.com 200
[debug] [2025-10-03T12:04:03.510Z] <<< [apiv2][body] GET https://serviceusage.googleapis.com/v1/projects/direct-hope-473110-r0/services/firebasecrashlytics.googleapis.com [omitted]
[debug] [2025-10-03T12:04:03.537Z] <<< [apiv2][status] GET https://serviceusage.googleapis.com/v1/projects/direct-hope-473110-r0/services/firebaseapphosting.googleapis.com 200
[debug] [2025-10-03T12:04:03.543Z] <<< [apiv2][body] GET https://serviceusage.googleapis.com/v1/projects/direct-hope-473110-r0/services/firebaseapphosting.googleapis.com [omitted]
[debug] [2025-10-03T12:04:03.578Z] <<< [apiv2][status] GET https://serviceusage.googleapis.com/v1/projects/direct-hope-473110-r0/services/firebaseapphosting.googleapis.com 200
[debug] [2025-10-03T12:04:03.578Z] <<< [apiv2][body] GET https://serviceusage.googleapis.com/v1/projects/direct-hope-473110-r0/services/firebaseapphosting.googleapis.com [omitted]
[debug] [2025-10-03T12:04:03.782Z] <<< [apiv2][status] GET https://serviceusage.googleapis.com/v1/projects/direct-hope-473110-r0/services/firebasecrashlytics.googleapis.com 200
[debug] [2025-10-03T12:04:03.783Z] <<< [apiv2][body] GET https://serviceusage.googleapis.com/v1/projects/direct-hope-473110-r0/services/firebasecrashlytics.googleapis.com [omitted]
[debug] [2025-10-03T12:04:03.820Z] <<< [apiv2][status] GET https://serviceusage.googleapis.com/v1/projects/direct-hope-473110-r0/services/firebaseio.com 403
[debug] [2025-10-03T12:04:03.820Z] <<< [apiv2][body] GET https://serviceusage.googleapis.com/v1/projects/direct-hope-473110-r0/services/firebaseio.com [omitted]
[debug] [2025-10-03T12:04:03.898Z] <<< [apiv2][status] GET https://serviceusage.googleapis.com/v1/projects/direct-hope-473110-r0/services/firebasedataconnect.googleapis.com 200
[debug] [2025-10-03T12:04:03.899Z] <<< [apiv2][body] GET https://serviceusage.googleapis.com/v1/projects/direct-hope-473110-r0/services/firebasedataconnect.googleapis.com [omitted]
[debug] [2025-10-03T12:04:03.928Z] <<< [apiv2][status] GET https://serviceusage.googleapis.com/v1/projects/direct-hope-473110-r0/services/ 200
[debug] [2025-10-03T12:04:03.931Z] <<< [apiv2][body] GET https://serviceusage.googleapis.com/v1/projects/direct-hope-473110-r0/services/ [omitted]
[error] Failed to fetch Firebase Project from Studio Workspace because WORKSPACE_SLUG environment variable is empty
[error] Failed to fetch Firebase Project from Studio Workspace because WORKSPACE_SLUG environment variable is empty
[debug] [2025-10-03T12:04:03.958Z] > command requires scopes: ["email","openid","https://www.googleapis.com/auth/cloudplatformprojects.readonly","https://www.googleapis.com/auth/firebase","https://www.googleapis.com/auth/cloud-platform","https://www.googleapis.com/auth/userinfo.email"]
[debug] [2025-10-03T12:04:03.960Z] > authorizing via signed-in user (flixtreend@gmail.com)
[error] Failed to fetch Firebase Project from Studio Workspace because WORKSPACE_SLUG environment variable is empty
[error] Failed to fetch Firebase Project from Studio Workspace because WORKSPACE_SLUG environment variable is empty
[debug] [2025-10-03T12:04:04.014Z] > command requires scopes: ["email","openid","https://www.googleapis.com/auth/cloudplatformprojects.readonly","https://www.googleapis.com/auth/firebase","https://www.googleapis.com/auth/cloud-platform","https://www.googleapis.com/auth/userinfo.email"]
[debug] [2025-10-03T12:04:04.015Z] > authorizing via signed-in user (flixtreend@gmail.com)
[error] Failed to fetch Firebase Project from Studio Workspace because WORKSPACE_SLUG environment variable is empty
[error] Failed to fetch Firebase Project from Studio Workspace because WORKSPACE_SLUG environment variable is empty
[debug] [2025-10-03T12:04:04.031Z] > command requires scopes: ["email","openid","https://www.googleapis.com/auth/cloudplatformprojects.readonly","https://www.googleapis.com/auth/firebase","https://www.googleapis.com/auth/cloud-platform","https://www.googleapis.com/auth/userinfo.email"]
[debug] [2025-10-03T12:04:04.032Z] > authorizing via signed-in user (flixtreend@gmail.com)
[debug] [2025-10-03T12:04:04.057Z] <<< [apiv2][status] GET https://serviceusage.googleapis.com/v1/projects/direct-hope-473110-r0/services/ 200
[debug] [2025-10-03T12:04:04.063Z] <<< [apiv2][body] GET https://serviceusage.googleapis.com/v1/projects/direct-hope-473110-r0/services/ [omitted]
[error] Failed to fetch Firebase Project from Studio Workspace because WORKSPACE_SLUG environment variable is empty
[error] Failed to fetch Firebase Project from Studio Workspace because WORKSPACE_SLUG environment variable is empty
[debug] [2025-10-03T14:18:34.078Z] Checked if tokens are valid: false, expires at: 1759496641793
[debug] [2025-10-03T14:18:34.079Z] Checked if tokens are valid: false, expires at: 1759496641793
[debug] [2025-10-03T14:18:34.079Z] > refreshing access token with scopes: []
[debug] [2025-10-03T14:18:34.082Z] >>> [apiv2][query] POST https://www.googleapis.com/oauth2/v3/token [none]
[debug] [2025-10-03T14:18:34.083Z] >>> [apiv2][body] POST https://www.googleapis.com/oauth2/v3/token [omitted]
[debug] [2025-10-03T14:18:34.153Z] Checked if tokens are valid: false, expires at: 1759496641793
[debug] [2025-10-03T14:18:34.153Z] Checked if tokens are valid: false, expires at: 1759496641793
[debug] [2025-10-03T14:18:34.154Z] > refreshing access token with scopes: []
[debug] [2025-10-03T14:18:34.154Z] >>> [apiv2][query] POST https://www.googleapis.com/oauth2/v3/token [none]
[debug] [2025-10-03T14:18:34.155Z] >>> [apiv2][body] POST https://www.googleapis.com/oauth2/v3/token [omitted]
[debug] [2025-10-03T14:18:34.158Z] Checked if tokens are valid: false, expires at: 1759496641793
[debug] [2025-10-03T14:18:34.159Z] Checked if tokens are valid: false, expires at: 1759496641793
[debug] [2025-10-03T14:18:34.159Z] > refreshing access token with scopes: []
[debug] [2025-10-03T14:18:34.160Z] >>> [apiv2][query] POST https://www.googleapis.com/oauth2/v3/token [none]
[debug] [2025-10-03T14:18:34.160Z] >>> [apiv2][body] POST https://www.googleapis.com/oauth2/v3/token [omitted]
[debug] [2025-10-03T14:18:34.162Z] Checked if tokens are valid: false, expires at: 1759496641793
[debug] [2025-10-03T14:18:34.162Z] Checked if tokens are valid: false, expires at: 1759496641793
[debug] [2025-10-03T14:18:34.163Z] > refreshing access token with scopes: []
[debug] [2025-10-03T14:18:34.163Z] >>> [apiv2][query] POST https://www.googleapis.com/oauth2/v3/token [none]
[debug] [2025-10-03T14:18:34.163Z] >>> [apiv2][body] POST https://www.googleapis.com/oauth2/v3/token [omitted]
[debug] [2025-10-03T14:18:34.166Z] Checked if tokens are valid: false, expires at: 1759496641793
[debug] [2025-10-03T14:18:34.166Z] Checked if tokens are valid: false, expires at: 1759496641793
[debug] [2025-10-03T14:18:34.166Z] > refreshing access token with scopes: []
[debug] [2025-10-03T14:18:34.167Z] >>> [apiv2][query] POST https://www.googleapis.com/oauth2/v3/token [none]
[debug] [2025-10-03T14:18:34.167Z] >>> [apiv2][body] POST https://www.googleapis.com/oauth2/v3/token [omitted]
[error] Failed to fetch Firebase Project from Studio Workspace because WORKSPACE_SLUG environment variable is empty
[error] Failed to fetch Firebase Project from Studio Workspace because WORKSPACE_SLUG environment variable is empty
[debug] [2025-10-03T14:18:34.227Z] Checked if tokens are valid: false, expires at: 1759496641793
[debug] [2025-10-03T14:18:34.228Z] Checked if tokens are valid: false, expires at: 1759496641793
[debug] [2025-10-03T14:18:34.228Z] > refreshing access token with scopes: []
[debug] [2025-10-03T14:18:34.228Z] >>> [apiv2][query] POST https://www.googleapis.com/oauth2/v3/token [none]
[debug] [2025-10-03T14:18:34.229Z] >>> [apiv2][body] POST https://www.googleapis.com/oauth2/v3/token [omitted]
[debug] [2025-10-03T14:18:34.231Z] Checked if tokens are valid: false, expires at: 1759496641793
[debug] [2025-10-03T14:18:34.231Z] Checked if tokens are valid: false, expires at: 1759496641793
[debug] [2025-10-03T14:18:34.232Z] > refreshing access token with scopes: []
[debug] [2025-10-03T14:18:34.232Z] >>> [apiv2][query] POST https://www.googleapis.com/oauth2/v3/token [none]
[debug] [2025-10-03T14:18:34.232Z] >>> [apiv2][body] POST https://www.googleapis.com/oauth2/v3/token [omitted]
[debug] [2025-10-03T14:18:34.235Z] Checked if tokens are valid: false, expires at: 1759496641793
[debug] [2025-10-03T14:18:34.235Z] Checked if tokens are valid: false, expires at: 1759496641793
[debug] [2025-10-03T14:18:34.235Z] > refreshing access token with scopes: []
[debug] [2025-10-03T14:18:34.235Z] >>> [apiv2][query] POST https://www.googleapis.com/oauth2/v3/token [none]
[debug] [2025-10-03T14:18:34.236Z] >>> [apiv2][body] POST https://www.googleapis.com/oauth2/v3/token [omitted]
[debug] [2025-10-03T14:18:34.238Z] Checked if tokens are valid: false, expires at: 1759496641793
[debug] [2025-10-03T14:18:34.238Z] Checked if tokens are valid: false, expires at: 1759496641793
[debug] [2025-10-03T14:18:34.238Z] > refreshing access token with scopes: []
[debug] [2025-10-03T14:18:34.238Z] >>> [apiv2][query] POST https://www.googleapis.com/oauth2/v3/token [none]
[debug] [2025-10-03T14:18:34.238Z] >>> [apiv2][body] POST https://www.googleapis.com/oauth2/v3/token [omitted]
[debug] [2025-10-03T14:18:34.241Z] Checked if tokens are valid: false, expires at: 1759496641793
[debug] [2025-10-03T14:18:34.241Z] Checked if tokens are valid: false, expires at: 1759496641793
[debug] [2025-10-03T14:18:34.241Z] > refreshing access token with scopes: []
[debug] [2025-10-03T14:18:34.242Z] >>> [apiv2][query] POST https://www.googleapis.com/oauth2/v3/token [none]
[debug] [2025-10-03T14:18:34.242Z] >>> [apiv2][body] POST https://www.googleapis.com/oauth2/v3/token [omitted]
[debug] [2025-10-03T14:18:34.294Z] <<< [apiv2][status] POST https://www.googleapis.com/oauth2/v3/token 200
[debug] [2025-10-03T14:18:34.294Z] <<< [apiv2][body] POST https://www.googleapis.com/oauth2/v3/token [omitted]
[debug] [2025-10-03T14:18:34.381Z] >>> [apiv2][query] GET https://serviceusage.googleapis.com/v1/projects/direct-hope-473110-r0/services/firebasedataconnect.googleapis.com [none]
[debug] [2025-10-03T14:18:34.382Z] >>> [apiv2][(partial)header] GET https://serviceusage.googleapis.com/v1/projects/direct-hope-473110-r0/services/firebasedataconnect.googleapis.com x-goog-quota-user=projects/direct-hope-473110-r0
[debug] [2025-10-03T14:18:34.386Z] <<< [apiv2][status] POST https://www.googleapis.com/oauth2/v3/token 200
[debug] [2025-10-03T14:18:34.386Z] <<< [apiv2][body] POST https://www.googleapis.com/oauth2/v3/token [omitted]
[debug] [2025-10-03T14:18:34.487Z] >>> [apiv2][query] GET https://serviceusage.googleapis.com/v1/projects/direct-hope-473110-r0/services/firebasecrashlytics.googleapis.com [none]
[debug] [2025-10-03T14:18:34.487Z] >>> [apiv2][(partial)header] GET https://serviceusage.googleapis.com/v1/projects/direct-hope-473110-r0/services/firebasecrashlytics.googleapis.com x-goog-quota-user=projects/direct-hope-473110-r0
[debug] [2025-10-03T14:18:34.491Z] <<< [apiv2][status] POST https://www.googleapis.com/oauth2/v3/token 200
[debug] [2025-10-03T14:18:34.491Z] <<< [apiv2][body] POST https://www.googleapis.com/oauth2/v3/token [omitted]
[debug] [2025-10-03T14:18:34.577Z] >>> [apiv2][query] GET https://serviceusage.googleapis.com/v1/projects/direct-hope-473110-r0/services/firebaseapphosting.googleapis.com [none]
[debug] [2025-10-03T14:18:34.577Z] >>> [apiv2][(partial)header] GET https://serviceusage.googleapis.com/v1/projects/direct-hope-473110-r0/services/firebaseapphosting.googleapis.com x-goog-quota-user=projects/direct-hope-473110-r0
[debug] [2025-10-03T14:18:34.595Z] <<< [apiv2][status] POST https://www.googleapis.com/oauth2/v3/token 200
[debug] [2025-10-03T14:18:34.595Z] <<< [apiv2][body] POST https://www.googleapis.com/oauth2/v3/token [omitted]
[debug] [2025-10-03T14:18:34.661Z] >>> [apiv2][query] GET https://serviceusage.googleapis.com/v1/projects/direct-hope-473110-r0/services/ [none]
[debug] [2025-10-03T14:18:34.662Z] >>> [apiv2][(partial)header] GET https://serviceusage.googleapis.com/v1/projects/direct-hope-473110-r0/services/ x-goog-quota-user=projects/direct-hope-473110-r0
[debug] [2025-10-03T14:18:34.667Z] <<< [apiv2][status] POST https://www.googleapis.com/oauth2/v3/token 200
[debug] [2025-10-03T14:18:34.668Z] <<< [apiv2][body] POST https://www.googleapis.com/oauth2/v3/token [omitted]
[debug] [2025-10-03T14:18:34.733Z] >>> [apiv2][query] GET https://serviceusage.googleapis.com/v1/projects/direct-hope-473110-r0/services/ [none]
[debug] [2025-10-03T14:18:34.734Z] >>> [apiv2][(partial)header] GET https://serviceusage.googleapis.com/v1/projects/direct-hope-473110-r0/services/ x-goog-quota-user=projects/direct-hope-473110-r0
[debug] [2025-10-03T14:18:34.753Z] <<< [apiv2][status] POST https://www.googleapis.com/oauth2/v3/token 200
[debug] [2025-10-03T14:18:34.753Z] <<< [apiv2][body] POST https://www.googleapis.com/oauth2/v3/token [omitted]
[debug] [2025-10-03T14:18:34.836Z] >>> [apiv2][query] GET https://serviceusage.googleapis.com/v1/projects/direct-hope-473110-r0/services/firebaseio.com [none]
[debug] [2025-10-03T14:18:34.836Z] >>> [apiv2][(partial)header] GET https://serviceusage.googleapis.com/v1/projects/direct-hope-473110-r0/services/firebaseio.com x-goog-quota-user=projects/direct-hope-473110-r0
[debug] [2025-10-03T14:18:34.851Z] <<< [apiv2][status] POST https://www.googleapis.com/oauth2/v3/token 200
[debug] [2025-10-03T14:18:34.852Z] <<< [apiv2][body] POST https://www.googleapis.com/oauth2/v3/token [omitted]
[debug] [2025-10-03T14:18:34.897Z] >>> [apiv2][query] GET https://serviceusage.googleapis.com/v1/projects/direct-hope-473110-r0/services/firebaseio.com [none]
[debug] [2025-10-03T14:18:34.897Z] >>> [apiv2][(partial)header] GET https://serviceusage.googleapis.com/v1/projects/direct-hope-473110-r0/services/firebaseio.com x-goog-quota-user=projects/direct-hope-473110-r0
[debug] [2025-10-03T14:18:34.909Z] <<< [apiv2][status] POST https://www.googleapis.com/oauth2/v3/token 200
[debug] [2025-10-03T14:18:34.909Z] <<< [apiv2][body] POST https://www.googleapis.com/oauth2/v3/token [omitted]
[debug] [2025-10-03T14:18:34.926Z] >>> [apiv2][query] GET https://serviceusage.googleapis.com/v1/projects/direct-hope-473110-r0/services/firebasecrashlytics.googleapis.com [none]
[debug] [2025-10-03T14:18:34.926Z] >>> [apiv2][(partial)header] GET https://serviceusage.googleapis.com/v1/projects/direct-hope-473110-r0/services/firebasecrashlytics.googleapis.com x-goog-quota-user=projects/direct-hope-473110-r0
[debug] [2025-10-03T14:18:34.936Z] <<< [apiv2][status] POST https://www.googleapis.com/oauth2/v3/token 200
[debug] [2025-10-03T14:18:34.936Z] <<< [apiv2][body] POST https://www.googleapis.com/oauth2/v3/token [omitted]
[debug] [2025-10-03T14:18:34.990Z] >>> [apiv2][query] GET https://serviceusage.googleapis.com/v1/projects/direct-hope-473110-r0/services/firebasedataconnect.googleapis.com [none]
[debug] [2025-10-03T14:18:34.991Z] >>> [apiv2][(partial)header] GET https://serviceusage.googleapis.com/v1/projects/direct-hope-473110-r0/services/firebasedataconnect.googleapis.com x-goog-quota-user=projects/direct-hope-473110-r0
[debug] [2025-10-03T14:18:34.993Z] <<< [apiv2][status] POST https://www.googleapis.com/oauth2/v3/token 200
[debug] [2025-10-03T14:18:34.993Z] <<< [apiv2][body] POST https://www.googleapis.com/oauth2/v3/token [omitted]
[debug] [2025-10-03T14:18:35.011Z] >>> [apiv2][query] GET https://serviceusage.googleapis.com/v1/projects/direct-hope-473110-r0/services/firebaseapphosting.googleapis.com [none]
[debug] [2025-10-03T14:18:35.012Z] >>> [apiv2][(partial)header] GET https://serviceusage.googleapis.com/v1/projects/direct-hope-473110-r0/services/firebaseapphosting.googleapis.com x-goog-quota-user=projects/direct-hope-473110-r0
[debug] [2025-10-03T14:18:35.789Z] <<< [apiv2][status] GET https://serviceusage.googleapis.com/v1/projects/direct-hope-473110-r0/services/firebaseapphosting.googleapis.com 200
[debug] [2025-10-03T14:18:35.789Z] <<< [apiv2][body] GET https://serviceusage.googleapis.com/v1/projects/direct-hope-473110-r0/services/firebaseapphosting.googleapis.com [omitted]
[debug] [2025-10-03T14:18:35.790Z] <<< [apiv2][status] GET https://serviceusage.googleapis.com/v1/projects/direct-hope-473110-r0/services/firebasedataconnect.googleapis.com 200
[debug] [2025-10-03T14:18:35.790Z] <<< [apiv2][body] GET https://serviceusage.googleapis.com/v1/projects/direct-hope-473110-r0/services/firebasedataconnect.googleapis.com [omitted]
[debug] [2025-10-03T14:18:35.796Z] <<< [apiv2][status] GET https://serviceusage.googleapis.com/v1/projects/direct-hope-473110-r0/services/firebasecrashlytics.googleapis.com 200
[debug] [2025-10-03T14:18:35.796Z] <<< [apiv2][body] GET https://serviceusage.googleapis.com/v1/projects/direct-hope-473110-r0/services/firebasecrashlytics.googleapis.com [omitted]
[debug] [2025-10-03T14:18:35.887Z] <<< [apiv2][status] GET https://serviceusage.googleapis.com/v1/projects/direct-hope-473110-r0/services/firebaseio.com 403
[debug] [2025-10-03T14:18:35.887Z] <<< [apiv2][body] GET https://serviceusage.googleapis.com/v1/projects/direct-hope-473110-r0/services/firebaseio.com [omitted]
[debug] [2025-10-03T14:18:35.912Z] <<< [apiv2][status] GET https://serviceusage.googleapis.com/v1/projects/direct-hope-473110-r0/services/firebaseio.com 403
[debug] [2025-10-03T14:18:35.912Z] <<< [apiv2][body] GET https://serviceusage.googleapis.com/v1/projects/direct-hope-473110-r0/services/firebaseio.com [omitted]
[debug] [2025-10-03T14:18:36.033Z] <<< [apiv2][status] GET https://serviceusage.googleapis.com/v1/projects/direct-hope-473110-r0/services/firebasecrashlytics.googleapis.com 200
[debug] [2025-10-03T14:18:36.033Z] <<< [apiv2][body] GET https://serviceusage.googleapis.com/v1/projects/direct-hope-473110-r0/services/firebasecrashlytics.googleapis.com [omitted]
[debug] [2025-10-03T14:18:36.059Z] <<< [apiv2][status] GET https://serviceusage.googleapis.com/v1/projects/direct-hope-473110-r0/services/firebasedataconnect.googleapis.com 200
[debug] [2025-10-03T14:18:36.059Z] <<< [apiv2][body] GET https://serviceusage.googleapis.com/v1/projects/direct-hope-473110-r0/services/firebasedataconnect.googleapis.com [omitted]
[debug] [2025-10-03T14:18:36.063Z] <<< [apiv2][status] GET https://serviceusage.googleapis.com/v1/projects/direct-hope-473110-r0/services/firebaseapphosting.googleapis.com 200
[debug] [2025-10-03T14:18:36.064Z] <<< [apiv2][body] GET https://serviceusage.googleapis.com/v1/projects/direct-hope-473110-r0/services/firebaseapphosting.googleapis.com [omitted]
[debug] [2025-10-03T14:18:36.244Z] <<< [apiv2][status] GET https://serviceusage.googleapis.com/v1/projects/direct-hope-473110-r0/services/ 200
[debug] [2025-10-03T14:18:36.245Z] <<< [apiv2][body] GET https://serviceusage.googleapis.com/v1/projects/direct-hope-473110-r0/services/ [omitted]
[debug] [2025-10-03T14:18:36.427Z] <<< [apiv2][status] GET https://serviceusage.googleapis.com/v1/projects/direct-hope-473110-r0/services/ 200
[debug] [2025-10-03T14:18:36.427Z] <<< [apiv2][body] GET https://serviceusage.googleapis.com/v1/projects/direct-hope-473110-r0/services/ [omitted]
[error] Failed to fetch Firebase Project from Studio Workspace because WORKSPACE_SLUG environment variable is empty
[error] Failed to fetch Firebase Project from Studio Workspace because WORKSPACE_SLUG environment variable is empty
[debug] [2025-10-03T14:18:36.432Z] > command requires scopes: ["email","openid","https://www.googleapis.com/auth/cloudplatformprojects.readonly","https://www.googleapis.com/auth/firebase","https://www.googleapis.com/auth/cloud-platform","https://www.googleapis.com/auth/userinfo.email"]
[debug] [2025-10-03T14:18:36.432Z] > authorizing via signed-in user (flixtreend@gmail.com)
